{"D:\\Project\\github\\react-valine\\src\\Valine.js": {"path":"D:\\Project\\github\\react-valine\\src\\Valine.js","statementMap":{"0":{"start":{"line":7,"column":9},"end":{"line":7,"column":37}},"1":{"start":{"line":9,"column":0},"end":{"line":9,"column":12}},"2":{"start":{"line":14,"column":4},"end":{"line":14,"column":16}},"3":{"start":{"line":15,"column":4},"end":{"line":25,"column":5}},"4":{"start":{"line":26,"column":4},"end":{"line":38,"column":5}},"5":{"start":{"line":27,"column":20},"end":{"line":27,"column":35}},"6":{"start":{"line":28,"column":6},"end":{"line":30,"column":7}},"7":{"start":{"line":29,"column":8},"end":{"line":29,"column":54}},"8":{"start":{"line":31,"column":6},"end":{"line":37,"column":7}},"9":{"start":{"line":32,"column":8},"end":{"line":36,"column":9}},"10":{"start":{"line":33,"column":10},"end":{"line":35,"column":11}},"11":{"start":{"line":34,"column":12},"end":{"line":34,"column":84}},"12":{"start":{"line":39,"column":4},"end":{"line":39,"column":83}},"13":{"start":{"line":39,"column":31},"end":{"line":39,"column":83}},"14":{"start":{"line":40,"column":4},"end":{"line":40,"column":72}},"15":{"start":{"line":40,"column":29},"end":{"line":40,"column":72}},"16":{"start":{"line":42,"column":4},"end":{"line":42,"column":27}},"17":{"start":{"line":43,"column":4},"end":{"line":43,"column":30}},"18":{"start":{"line":44,"column":4},"end":{"line":44,"column":46}},"19":{"start":{"line":45,"column":4},"end":{"line":45,"column":50}},"20":{"start":{"line":46,"column":4},"end":{"line":46,"column":48}},"21":{"start":{"line":47,"column":4},"end":{"line":47,"column":52}},"22":{"start":{"line":48,"column":4},"end":{"line":50,"column":5}},"23":{"start":{"line":49,"column":6},"end":{"line":49,"column":46}},"24":{"start":{"line":51,"column":4},"end":{"line":54,"column":6}},"25":{"start":{"line":58,"column":4},"end":{"line":72,"column":6}},"26":{"start":{"line":59,"column":6},"end":{"line":71,"column":7}},"27":{"start":{"line":60,"column":8},"end":{"line":60,"column":43}},"28":{"start":{"line":62,"column":15},"end":{"line":62,"column":24}},"29":{"start":{"line":63,"column":19},"end":{"line":63,"column":42}},"30":{"start":{"line":64,"column":8},"end":{"line":69,"column":12}},"31":{"start":{"line":67,"column":12},"end":{"line":67,"column":45}},"32":{"start":{"line":68,"column":12},"end":{"line":68,"column":27}},"33":{"start":{"line":70,"column":8},"end":{"line":70,"column":18}},"34":{"start":{"line":76,"column":4},"end":{"line":76,"column":36}},"35":{"start":{"line":77,"column":4},"end":{"line":79,"column":6}},"36":{"start":{"line":83,"column":4},"end":{"line":118,"column":6}},"37":{"start":{"line":84,"column":6},"end":{"line":117,"column":7}},"38":{"start":{"line":85,"column":8},"end":{"line":85,"column":46}},"39":{"start":{"line":87,"column":15},"end":{"line":87,"column":24}},"40":{"start":{"line":88,"column":19},"end":{"line":88,"column":42}},"41":{"start":{"line":89,"column":8},"end":{"line":115,"column":10}},"42":{"start":{"line":92,"column":12},"end":{"line":107,"column":13}},"43":{"start":{"line":93,"column":14},"end":{"line":94,"column":37}},"44":{"start":{"line":94,"column":26},"end":{"line":94,"column":36}},"45":{"start":{"line":96,"column":14},"end":{"line":96,"column":82}},"46":{"start":{"line":96,"column":32},"end":{"line":96,"column":82}},"47":{"start":{"line":97,"column":23},"end":{"line":97,"column":31}},"48":{"start":{"line":98,"column":29},"end":{"line":98,"column":47}},"49":{"start":{"line":99,"column":14},"end":{"line":99,"column":36}},"50":{"start":{"line":100,"column":14},"end":{"line":100,"column":37}},"51":{"start":{"line":101,"column":14},"end":{"line":106,"column":16}},"52":{"start":{"line":102,"column":16},"end":{"line":102,"column":56}},"53":{"start":{"line":103,"column":16},"end":{"line":103,"column":35}},"54":{"start":{"line":105,"column":16},"end":{"line":105,"column":37}},"55":{"start":{"line":109,"column":12},"end":{"line":114,"column":13}},"56":{"start":{"line":110,"column":14},"end":{"line":111,"column":37}},"57":{"start":{"line":111,"column":26},"end":{"line":111,"column":36}},"58":{"start":{"line":113,"column":14},"end":{"line":113,"column":72}},"59":{"start":{"line":116,"column":8},"end":{"line":116,"column":18}},"60":{"start":{"line":122,"column":11},"end":{"line":122,"column":20}},"61":{"start":{"line":123,"column":13},"end":{"line":123,"column":40}},"62":{"start":{"line":124,"column":21},"end":{"line":124,"column":29}},"63":{"start":{"line":125,"column":14},"end":{"line":125,"column":26}},"64":{"start":{"line":126,"column":4},"end":{"line":126,"column":34}},"65":{"start":{"line":127,"column":4},"end":{"line":127,"column":35}},"66":{"start":{"line":128,"column":4},"end":{"line":128,"column":27}},"67":{"start":{"line":129,"column":4},"end":{"line":129,"column":38}},"68":{"start":{"line":130,"column":4},"end":{"line":130,"column":34}},"69":{"start":{"line":131,"column":4},"end":{"line":131,"column":29}},"70":{"start":{"line":132,"column":4},"end":{"line":136,"column":7}},"71":{"start":{"line":133,"column":6},"end":{"line":133,"column":37}},"72":{"start":{"line":135,"column":6},"end":{"line":135,"column":64}},"73":{"start":{"line":141,"column":31},"end":{"line":141,"column":41}},"74":{"start":{"line":142,"column":16},"end":{"line":142,"column":27}},"75":{"start":{"line":143,"column":4},"end":{"line":147,"column":5}},"76":{"start":{"line":152,"column":0},"end":{"line":160,"column":1}},"77":{"start":{"line":162,"column":0},"end":{"line":175,"column":1}}},"fnMap":{"0":{"name":"(anonymous_0)","decl":{"start":{"line":13,"column":2},"end":{"line":13,"column":3}},"loc":{"start":{"line":13,"column":20},"end":{"line":55,"column":3}},"line":13},"1":{"name":"(anonymous_1)","decl":{"start":{"line":57,"column":2},"end":{"line":57,"column":3}},"loc":{"start":{"line":57,"column":21},"end":{"line":73,"column":3}},"line":57},"2":{"name":"(anonymous_2)","decl":{"start":{"line":58,"column":23},"end":{"line":58,"column":24}},"loc":{"start":{"line":58,"column":32},"end":{"line":72,"column":5}},"line":58},"3":{"name":"(anonymous_3)","decl":{"start":{"line":66,"column":16},"end":{"line":66,"column":17}},"loc":{"start":{"line":66,"column":26},"end":{"line":69,"column":11}},"line":66},"4":{"name":"(anonymous_4)","decl":{"start":{"line":75,"column":2},"end":{"line":75,"column":3}},"loc":{"start":{"line":75,"column":29},"end":{"line":80,"column":3}},"line":75},"5":{"name":"(anonymous_5)","decl":{"start":{"line":82,"column":2},"end":{"line":82,"column":3}},"loc":{"start":{"line":82,"column":28},"end":{"line":119,"column":3}},"line":82},"6":{"name":"(anonymous_6)","decl":{"start":{"line":83,"column":23},"end":{"line":83,"column":24}},"loc":{"start":{"line":83,"column":32},"end":{"line":118,"column":5}},"line":83},"7":{"name":"(anonymous_7)","decl":{"start":{"line":91,"column":16},"end":{"line":91,"column":17}},"loc":{"start":{"line":91,"column":23},"end":{"line":108,"column":11}},"line":91},"8":{"name":"(anonymous_8)","decl":{"start":{"line":94,"column":22},"end":{"line":94,"column":23}},"loc":{"start":{"line":94,"column":26},"end":{"line":94,"column":36}},"line":94},"9":{"name":"(anonymous_9)","decl":{"start":{"line":101,"column":31},"end":{"line":101,"column":32}},"loc":{"start":{"line":101,"column":35},"end":{"line":104,"column":15}},"line":101},"10":{"name":"(anonymous_10)","decl":{"start":{"line":104,"column":23},"end":{"line":104,"column":24}},"loc":{"start":{"line":104,"column":27},"end":{"line":106,"column":15}},"line":104},"11":{"name":"(anonymous_11)","decl":{"start":{"line":108,"column":19},"end":{"line":108,"column":20}},"loc":{"start":{"line":108,"column":23},"end":{"line":115,"column":9}},"line":108},"12":{"name":"(anonymous_12)","decl":{"start":{"line":111,"column":22},"end":{"line":111,"column":23}},"loc":{"start":{"line":111,"column":26},"end":{"line":111,"column":36}},"line":111},"13":{"name":"(anonymous_13)","decl":{"start":{"line":121,"column":2},"end":{"line":121,"column":3}},"loc":{"start":{"line":121,"column":33},"end":{"line":137,"column":3}},"line":121},"14":{"name":"(anonymous_14)","decl":{"start":{"line":132,"column":34},"end":{"line":132,"column":35}},"loc":{"start":{"line":132,"column":40},"end":{"line":134,"column":5}},"line":132},"15":{"name":"(anonymous_15)","decl":{"start":{"line":134,"column":13},"end":{"line":134,"column":14}},"loc":{"start":{"line":134,"column":19},"end":{"line":136,"column":5}},"line":134},"16":{"name":"(anonymous_16)","decl":{"start":{"line":140,"column":2},"end":{"line":140,"column":3}},"loc":{"start":{"line":140,"column":10},"end":{"line":149,"column":3}},"line":140}},"branchMap":{"0":{"loc":{"start":{"line":26,"column":4},"end":{"line":38,"column":5}},"type":"if","locations":[{"start":{"line":26,"column":4},"end":{"line":38,"column":5}},{"start":{"line":26,"column":4},"end":{"line":38,"column":5}}],"line":26},"1":{"loc":{"start":{"line":28,"column":6},"end":{"line":30,"column":7}},"type":"if","locations":[{"start":{"line":28,"column":6},"end":{"line":30,"column":7}},{"start":{"line":28,"column":6},"end":{"line":30,"column":7}}],"line":28},"2":{"loc":{"start":{"line":32,"column":8},"end":{"line":36,"column":9}},"type":"if","locations":[{"start":{"line":32,"column":8},"end":{"line":36,"column":9}},{"start":{"line":32,"column":8},"end":{"line":36,"column":9}}],"line":32},"3":{"loc":{"start":{"line":33,"column":10},"end":{"line":35,"column":11}},"type":"if","locations":[{"start":{"line":33,"column":10},"end":{"line":35,"column":11}},{"start":{"line":33,"column":10},"end":{"line":35,"column":11}}],"line":33},"4":{"loc":{"start":{"line":39,"column":4},"end":{"line":39,"column":83}},"type":"if","locations":[{"start":{"line":39,"column":4},"end":{"line":39,"column":83}},{"start":{"line":39,"column":4},"end":{"line":39,"column":83}}],"line":39},"5":{"loc":{"start":{"line":40,"column":4},"end":{"line":40,"column":72}},"type":"if","locations":[{"start":{"line":40,"column":4},"end":{"line":40,"column":72}},{"start":{"line":40,"column":4},"end":{"line":40,"column":72}}],"line":40},"6":{"loc":{"start":{"line":48,"column":4},"end":{"line":50,"column":5}},"type":"if","locations":[{"start":{"line":48,"column":4},"end":{"line":50,"column":5}},{"start":{"line":48,"column":4},"end":{"line":50,"column":5}}],"line":48},"7":{"loc":{"start":{"line":59,"column":6},"end":{"line":71,"column":7}},"type":"if","locations":[{"start":{"line":59,"column":6},"end":{"line":71,"column":7}},{"start":{"line":59,"column":6},"end":{"line":71,"column":7}}],"line":59},"8":{"loc":{"start":{"line":84,"column":6},"end":{"line":117,"column":7}},"type":"if","locations":[{"start":{"line":84,"column":6},"end":{"line":117,"column":7}},{"start":{"line":84,"column":6},"end":{"line":117,"column":7}}],"line":84},"9":{"loc":{"start":{"line":92,"column":12},"end":{"line":107,"column":13}},"type":"if","locations":[{"start":{"line":92,"column":12},"end":{"line":107,"column":13}},{"start":{"line":92,"column":12},"end":{"line":107,"column":13}}],"line":92},"10":{"loc":{"start":{"line":96,"column":14},"end":{"line":96,"column":82}},"type":"if","locations":[{"start":{"line":96,"column":14},"end":{"line":96,"column":82}},{"start":{"line":96,"column":14},"end":{"line":96,"column":82}}],"line":96},"11":{"loc":{"start":{"line":109,"column":12},"end":{"line":114,"column":13}},"type":"if","locations":[{"start":{"line":109,"column":12},"end":{"line":114,"column":13}},{"start":{"line":109,"column":12},"end":{"line":114,"column":13}}],"line":109},"12":{"loc":{"start":{"line":121,"column":24},"end":{"line":121,"column":32}},"type":"default-arg","locations":[{"start":{"line":121,"column":30},"end":{"line":121,"column":32}}],"line":121}},"s":{"0":3,"1":3,"2":3,"3":3,"4":3,"5":0,"6":0,"7":0,"8":0,"9":0,"10":0,"11":0,"12":3,"13":0,"14":3,"15":0,"16":3,"17":3,"18":3,"19":3,"20":3,"21":3,"22":3,"23":0,"24":3,"25":9,"26":9,"27":3,"28":6,"29":6,"30":6,"31":6,"32":6,"33":6,"34":0,"35":0,"36":6,"37":6,"38":0,"39":6,"40":6,"41":6,"42":6,"43":0,"44":0,"45":6,"46":0,"47":6,"48":6,"49":6,"50":6,"51":6,"52":0,"53":0,"54":6,"55":0,"56":0,"57":0,"58":0,"59":6,"60":0,"61":0,"62":0,"63":0,"64":0,"65":0,"66":0,"67":0,"68":0,"69":0,"70":0,"71":0,"72":0,"73":3,"74":3,"75":3,"76":3,"77":3},"f":{"0":3,"1":9,"2":9,"3":6,"4":0,"5":6,"6":6,"7":6,"8":0,"9":0,"10":6,"11":0,"12":0,"13":0,"14":0,"15":0,"16":3},"b":{"0":[0,3],"1":[0,0],"2":[0,0],"3":[0,0],"4":[0,3],"5":[0,3],"6":[0,3],"7":[3,6],"8":[0,6],"9":[0,6],"10":[0,6],"11":[0,0],"12":[0]},"_coverageSchema":"43e27e138ebf9cfc5966b082cf9a028302ed4184","hash":"5b8fad32a34724a0ac9e5aea19428d200319bc36"}
,"D:\\Project\\github\\react-valine\\src\\ValineContainer.js": {"path":"D:\\Project\\github\\react-valine\\src\\ValineContainer.js","statementMap":{"0":{"start":{"line":18,"column":19},"end":{"line":18,"column":53}},"1":{"start":{"line":24,"column":4},"end":{"line":24,"column":16}},"2":{"start":{"line":25,"column":4},"end":{"line":36,"column":5}},"3":{"start":{"line":38,"column":4},"end":{"line":38,"column":44}},"4":{"start":{"line":39,"column":4},"end":{"line":39,"column":44}},"5":{"start":{"line":40,"column":4},"end":{"line":40,"column":48}},"6":{"start":{"line":41,"column":4},"end":{"line":41,"column":50}},"7":{"start":{"line":42,"column":4},"end":{"line":42,"column":50}},"8":{"start":{"line":43,"column":4},"end":{"line":43,"column":52}},"9":{"start":{"line":44,"column":4},"end":{"line":44,"column":52}},"10":{"start":{"line":45,"column":4},"end":{"line":45,"column":60}},"11":{"start":{"line":46,"column":4},"end":{"line":46,"column":54}},"12":{"start":{"line":47,"column":4},"end":{"line":47,"column":62}},"13":{"start":{"line":48,"column":4},"end":{"line":48,"column":64}},"14":{"start":{"line":49,"column":4},"end":{"line":49,"column":64}},"15":{"start":{"line":52,"column":4},"end":{"line":52,"column":30}},"16":{"start":{"line":53,"column":4},"end":{"line":53,"column":34}},"17":{"start":{"line":54,"column":4},"end":{"line":54,"column":44}},"18":{"start":{"line":55,"column":4},"end":{"line":55,"column":24}},"19":{"start":{"line":59,"column":4},"end":{"line":70,"column":5}},"20":{"start":{"line":74,"column":59},"end":{"line":74,"column":69}},"21":{"start":{"line":76,"column":13},"end":{"line":76,"column":40}},"22":{"start":{"line":77,"column":18},"end":{"line":77,"column":26}},"23":{"start":{"line":79,"column":4},"end":{"line":85,"column":5}},"24":{"start":{"line":80,"column":6},"end":{"line":84,"column":7}},"25":{"start":{"line":81,"column":8},"end":{"line":81,"column":32}},"26":{"start":{"line":81,"column":23},"end":{"line":81,"column":32}},"27":{"start":{"line":82,"column":18},"end":{"line":82,"column":40}},"28":{"start":{"line":83,"column":8},"end":{"line":83,"column":27}},"29":{"start":{"line":86,"column":4},"end":{"line":86,"column":46}},"30":{"start":{"line":87,"column":4},"end":{"line":87,"column":40}},"31":{"start":{"line":88,"column":4},"end":{"line":143,"column":6}},"32":{"start":{"line":89,"column":6},"end":{"line":96,"column":7}},"33":{"start":{"line":90,"column":8},"end":{"line":93,"column":10}},"34":{"start":{"line":91,"column":10},"end":{"line":91,"column":36}},"35":{"start":{"line":92,"column":10},"end":{"line":92,"column":19}},"36":{"start":{"line":95,"column":8},"end":{"line":95,"column":17}},"37":{"start":{"line":98,"column":16},"end":{"line":98,"column":28}},"38":{"start":{"line":99,"column":6},"end":{"line":99,"column":36}},"39":{"start":{"line":100,"column":6},"end":{"line":100,"column":38}},"40":{"start":{"line":101,"column":6},"end":{"line":101,"column":26}},"41":{"start":{"line":102,"column":6},"end":{"line":142,"column":8}},"42":{"start":{"line":103,"column":23},"end":{"line":103,"column":45}},"43":{"start":{"line":104,"column":8},"end":{"line":109,"column":12}},"44":{"start":{"line":111,"column":8},"end":{"line":127,"column":10}},"45":{"start":{"line":112,"column":29},"end":{"line":112,"column":31}},"46":{"start":{"line":113,"column":10},"end":{"line":117,"column":11}},"47":{"start":{"line":114,"column":12},"end":{"line":114,"column":90}},"48":{"start":{"line":116,"column":12},"end":{"line":116,"column":69}},"49":{"start":{"line":118,"column":10},"end":{"line":124,"column":11}},"50":{"start":{"line":126,"column":10},"end":{"line":126,"column":55}},"51":{"start":{"line":128,"column":8},"end":{"line":134,"column":9}},"52":{"start":{"line":130,"column":10},"end":{"line":133,"column":12}},"53":{"start":{"line":135,"column":8},"end":{"line":135,"column":34}},"54":{"start":{"line":137,"column":8},"end":{"line":137,"column":76}},"55":{"start":{"line":138,"column":8},"end":{"line":141,"column":10}},"56":{"start":{"line":147,"column":4},"end":{"line":149,"column":7}},"57":{"start":{"line":147,"column":32},"end":{"line":149,"column":5}},"58":{"start":{"line":153,"column":4},"end":{"line":157,"column":5}},"59":{"start":{"line":154,"column":6},"end":{"line":156,"column":7}},"60":{"start":{"line":155,"column":8},"end":{"line":155,"column":48}},"61":{"start":{"line":159,"column":15},"end":{"line":159,"column":34}},"62":{"start":{"line":160,"column":4},"end":{"line":185,"column":6}},"63":{"start":{"line":161,"column":6},"end":{"line":184,"column":7}},"64":{"start":{"line":162,"column":8},"end":{"line":172,"column":9}},"65":{"start":{"line":163,"column":10},"end":{"line":171,"column":12}},"66":{"start":{"line":166,"column":12},"end":{"line":170,"column":19}},"67":{"start":{"line":167,"column":14},"end":{"line":169,"column":16}},"68":{"start":{"line":173,"column":8},"end":{"line":173,"column":16}},"69":{"start":{"line":175,"column":8},"end":{"line":175,"column":76}},"70":{"start":{"line":176,"column":8},"end":{"line":183,"column":10}},"71":{"start":{"line":180,"column":10},"end":{"line":182,"column":12}},"72":{"start":{"line":181,"column":12},"end":{"line":181,"column":21}},"73":{"start":{"line":190,"column":45},"end":{"line":190,"column":55}},"74":{"start":{"line":191,"column":42},"end":{"line":191,"column":61}},"75":{"start":{"line":192,"column":17},"end":{"line":192,"column":19}},"76":{"start":{"line":192,"column":26},"end":{"line":192,"column":31}},"77":{"start":{"line":192,"column":39},"end":{"line":192,"column":53}},"78":{"start":{"line":193,"column":4},"end":{"line":206,"column":21}},"79":{"start":{"line":193,"column":20},"end":{"line":193,"column":52}},"80":{"start":{"line":194,"column":9},"end":{"line":206,"column":21}},"81":{"start":{"line":194,"column":44},"end":{"line":194,"column":75}},"82":{"start":{"line":195,"column":9},"end":{"line":206,"column":21}},"83":{"start":{"line":195,"column":45},"end":{"line":195,"column":76}},"84":{"start":{"line":196,"column":9},"end":{"line":206,"column":21}},"85":{"start":{"line":196,"column":51},"end":{"line":196,"column":89}},"86":{"start":{"line":197,"column":9},"end":{"line":206,"column":21}},"87":{"start":{"line":197,"column":50},"end":{"line":197,"column":87}},"88":{"start":{"line":198,"column":9},"end":{"line":206,"column":21}},"89":{"start":{"line":199,"column":6},"end":{"line":204,"column":7}},"90":{"start":{"line":200,"column":8},"end":{"line":200,"column":34}},"91":{"start":{"line":201,"column":8},"end":{"line":201,"column":33}},"92":{"start":{"line":203,"column":8},"end":{"line":203,"column":58}},"93":{"start":{"line":205,"column":6},"end":{"line":205,"column":16}},"94":{"start":{"line":206,"column":11},"end":{"line":206,"column":21}},"95":{"start":{"line":207,"column":4},"end":{"line":207,"column":27}},"96":{"start":{"line":212,"column":4},"end":{"line":212,"column":35}},"97":{"start":{"line":213,"column":4},"end":{"line":213,"column":36}},"98":{"start":{"line":214,"column":4},"end":{"line":214,"column":31}},"99":{"start":{"line":215,"column":12},"end":{"line":215,"column":32}},"100":{"start":{"line":216,"column":15},"end":{"line":216,"column":71}},"101":{"start":{"line":217,"column":17},"end":{"line":217,"column":48}},"102":{"start":{"line":218,"column":21},"end":{"line":218,"column":53}},"103":{"start":{"line":219,"column":4},"end":{"line":221,"column":5}},"104":{"start":{"line":220,"column":6},"end":{"line":220,"column":28}},"105":{"start":{"line":222,"column":24},"end":{"line":222,"column":54}},"106":{"start":{"line":223,"column":4},"end":{"line":229,"column":5}},"107":{"start":{"line":224,"column":6},"end":{"line":226,"column":10}},"108":{"start":{"line":225,"column":8},"end":{"line":225,"column":68}},"109":{"start":{"line":228,"column":6},"end":{"line":228,"column":66}},"110":{"start":{"line":231,"column":4},"end":{"line":238,"column":6}},"111":{"start":{"line":231,"column":32},"end":{"line":233,"column":5}},"112":{"start":{"line":234,"column":6},"end":{"line":237,"column":8}},"113":{"start":{"line":242,"column":32},"end":{"line":242,"column":42}},"114":{"start":{"line":243,"column":40},"end":{"line":243,"column":50}},"115":{"start":{"line":244,"column":4},"end":{"line":257,"column":8}},"116":{"start":{"line":252,"column":8},"end":{"line":256,"column":9}},"117":{"start":{"line":253,"column":10},"end":{"line":253,"column":59}},"118":{"start":{"line":255,"column":10},"end":{"line":255,"column":45}},"119":{"start":{"line":260,"column":43},"end":{"line":260,"column":53}},"120":{"start":{"line":261,"column":22},"end":{"line":261,"column":23}},"121":{"start":{"line":262,"column":4},"end":{"line":276,"column":6}},"122":{"start":{"line":263,"column":6},"end":{"line":263,"column":26}},"123":{"start":{"line":264,"column":6},"end":{"line":266,"column":7}},"124":{"start":{"line":265,"column":8},"end":{"line":265,"column":33}},"125":{"start":{"line":267,"column":6},"end":{"line":275,"column":10}},"126":{"start":{"line":274,"column":10},"end":{"line":274,"column":45}},"127":{"start":{"line":279,"column":38},"end":{"line":279,"column":48}},"128":{"start":{"line":280,"column":4},"end":{"line":280,"column":43}},"129":{"start":{"line":280,"column":37},"end":{"line":280,"column":43}},"130":{"start":{"line":281,"column":4},"end":{"line":283,"column":6}},"131":{"start":{"line":284,"column":4},"end":{"line":292,"column":5}},"132":{"start":{"line":285,"column":6},"end":{"line":287,"column":8}},"133":{"start":{"line":286,"column":8},"end":{"line":286,"column":38}},"134":{"start":{"line":289,"column":6},"end":{"line":291,"column":8}},"135":{"start":{"line":290,"column":8},"end":{"line":290,"column":39}},"136":{"start":{"line":296,"column":17},"end":{"line":296,"column":19}},"137":{"start":{"line":296,"column":31},"end":{"line":296,"column":33}},"138":{"start":{"line":297,"column":32},"end":{"line":297,"column":42}},"139":{"start":{"line":298,"column":22},"end":{"line":298,"column":32}},"140":{"start":{"line":299,"column":18},"end":{"line":299,"column":19}},"141":{"start":{"line":300,"column":4},"end":{"line":324,"column":8}},"142":{"start":{"line":309,"column":8},"end":{"line":311,"column":9}},"143":{"start":{"line":310,"column":10},"end":{"line":310,"column":61}},"144":{"start":{"line":312,"column":8},"end":{"line":312,"column":31}},"145":{"start":{"line":313,"column":8},"end":{"line":316,"column":9}},"146":{"start":{"line":314,"column":10},"end":{"line":314,"column":41}},"147":{"start":{"line":315,"column":10},"end":{"line":315,"column":39}},"148":{"start":{"line":317,"column":8},"end":{"line":323,"column":62}},"149":{"start":{"line":323,"column":23},"end":{"line":323,"column":61}},"150":{"start":{"line":328,"column":17},"end":{"line":328,"column":19}},"151":{"start":{"line":328,"column":31},"end":{"line":328,"column":33}},"152":{"start":{"line":329,"column":43},"end":{"line":329,"column":53}},"153":{"start":{"line":330,"column":18},"end":{"line":330,"column":19}},"154":{"start":{"line":331,"column":22},"end":{"line":331,"column":23}},"155":{"start":{"line":332,"column":4},"end":{"line":358,"column":6}},"156":{"start":{"line":333,"column":6},"end":{"line":333,"column":28}},"157":{"start":{"line":334,"column":6},"end":{"line":336,"column":7}},"158":{"start":{"line":335,"column":8},"end":{"line":335,"column":33}},"159":{"start":{"line":337,"column":18},"end":{"line":337,"column":41}},"160":{"start":{"line":337,"column":50},"end":{"line":337,"column":73}},"161":{"start":{"line":338,"column":6},"end":{"line":357,"column":10}},"162":{"start":{"line":345,"column":10},"end":{"line":345,"column":33}},"163":{"start":{"line":346,"column":10},"end":{"line":349,"column":11}},"164":{"start":{"line":347,"column":12},"end":{"line":347,"column":43}},"165":{"start":{"line":348,"column":12},"end":{"line":348,"column":41}},"166":{"start":{"line":350,"column":10},"end":{"line":356,"column":68}},"167":{"start":{"line":356,"column":25},"end":{"line":356,"column":67}},"168":{"start":{"line":362,"column":4},"end":{"line":379,"column":5}},"169":{"start":{"line":363,"column":6},"end":{"line":366,"column":8}},"170":{"start":{"line":367,"column":6},"end":{"line":377,"column":7}},"171":{"start":{"line":368,"column":8},"end":{"line":376,"column":10}},"172":{"start":{"line":371,"column":10},"end":{"line":375,"column":17}},"173":{"start":{"line":372,"column":12},"end":{"line":374,"column":14}},"174":{"start":{"line":378,"column":6},"end":{"line":378,"column":12}},"175":{"start":{"line":380,"column":18},"end":{"line":380,"column":37}},"176":{"start":{"line":381,"column":20},"end":{"line":381,"column":22}},"177":{"start":{"line":382,"column":4},"end":{"line":388,"column":5}},"178":{"start":{"line":383,"column":22},"end":{"line":383,"column":24}},"179":{"start":{"line":384,"column":6},"end":{"line":384,"column":59}},"180":{"start":{"line":384,"column":27},"end":{"line":384,"column":59}},"181":{"start":{"line":385,"column":6},"end":{"line":385,"column":80}},"182":{"start":{"line":387,"column":6},"end":{"line":387,"column":43}},"183":{"start":{"line":389,"column":4},"end":{"line":395,"column":7}},"184":{"start":{"line":389,"column":30},"end":{"line":395,"column":5}},"185":{"start":{"line":399,"column":4},"end":{"line":401,"column":6}},"186":{"start":{"line":402,"column":4},"end":{"line":412,"column":5}},"187":{"start":{"line":403,"column":6},"end":{"line":406,"column":10}},"188":{"start":{"line":405,"column":10},"end":{"line":405,"column":40}},"189":{"start":{"line":408,"column":6},"end":{"line":411,"column":10}},"190":{"start":{"line":410,"column":10},"end":{"line":410,"column":41}},"191":{"start":{"line":421,"column":6},"end":{"line":421,"column":16}},"192":{"start":{"line":434,"column":6},"end":{"line":434,"column":16}},"193":{"start":{"line":435,"column":4},"end":{"line":469,"column":5}}},"fnMap":{"0":{"name":"(anonymous_0)","decl":{"start":{"line":23,"column":2},"end":{"line":23,"column":3}},"loc":{"start":{"line":23,"column":20},"end":{"line":56,"column":3}},"line":23},"1":{"name":"(anonymous_1)","decl":{"start":{"line":58,"column":2},"end":{"line":58,"column":3}},"loc":{"start":{"line":58,"column":23},"end":{"line":71,"column":3}},"line":58},"2":{"name":"(anonymous_2)","decl":{"start":{"line":73,"column":2},"end":{"line":73,"column":3}},"loc":{"start":{"line":73,"column":16},"end":{"line":144,"column":3}},"line":73},"3":{"name":"(anonymous_3)","decl":{"start":{"line":88,"column":23},"end":{"line":88,"column":24}},"loc":{"start":{"line":88,"column":34},"end":{"line":97,"column":5}},"line":88},"4":{"name":"(anonymous_4)","decl":{"start":{"line":90,"column":28},"end":{"line":90,"column":29}},"loc":{"start":{"line":90,"column":34},"end":{"line":93,"column":9}},"line":90},"5":{"name":"(anonymous_5)","decl":{"start":{"line":97,"column":12},"end":{"line":97,"column":13}},"loc":{"start":{"line":97,"column":16},"end":{"line":143,"column":5}},"line":97},"6":{"name":"(anonymous_6)","decl":{"start":{"line":102,"column":26},"end":{"line":102,"column":27}},"loc":{"start":{"line":102,"column":43},"end":{"line":136,"column":7}},"line":102},"7":{"name":"(anonymous_7)","decl":{"start":{"line":111,"column":22},"end":{"line":111,"column":23}},"loc":{"start":{"line":111,"column":36},"end":{"line":125,"column":9}},"line":111},"8":{"name":"(anonymous_8)","decl":{"start":{"line":125,"column":10},"end":{"line":125,"column":11}},"loc":{"start":{"line":125,"column":14},"end":{"line":127,"column":9}},"line":125},"9":{"name":"(anonymous_9)","decl":{"start":{"line":136,"column":15},"end":{"line":136,"column":16}},"loc":{"start":{"line":136,"column":21},"end":{"line":142,"column":7}},"line":136},"10":{"name":"(anonymous_10)","decl":{"start":{"line":146,"column":2},"end":{"line":146,"column":3}},"loc":{"start":{"line":146,"column":21},"end":{"line":150,"column":3}},"line":146},"11":{"name":"(anonymous_11)","decl":{"start":{"line":147,"column":18},"end":{"line":147,"column":19}},"loc":{"start":{"line":147,"column":32},"end":{"line":149,"column":5}},"line":147},"12":{"name":"(anonymous_12)","decl":{"start":{"line":152,"column":2},"end":{"line":152,"column":3}},"loc":{"start":{"line":152,"column":31},"end":{"line":187,"column":3}},"line":152},"13":{"name":"(anonymous_13)","decl":{"start":{"line":160,"column":23},"end":{"line":160,"column":24}},"loc":{"start":{"line":160,"column":41},"end":{"line":185,"column":5}},"line":160},"14":{"name":"(anonymous_14)","decl":{"start":{"line":165,"column":12},"end":{"line":165,"column":13}},"loc":{"start":{"line":165,"column":16},"end":{"line":171,"column":11}},"line":165},"15":{"name":"(anonymous_15)","decl":{"start":{"line":166,"column":23},"end":{"line":166,"column":24}},"loc":{"start":{"line":166,"column":27},"end":{"line":170,"column":13}},"line":166},"16":{"name":"(anonymous_16)","decl":{"start":{"line":179,"column":10},"end":{"line":179,"column":11}},"loc":{"start":{"line":179,"column":14},"end":{"line":183,"column":9}},"line":179},"17":{"name":"(anonymous_17)","decl":{"start":{"line":180,"column":35},"end":{"line":180,"column":36}},"loc":{"start":{"line":180,"column":39},"end":{"line":182,"column":11}},"line":180},"18":{"name":"(anonymous_18)","decl":{"start":{"line":189,"column":2},"end":{"line":189,"column":3}},"loc":{"start":{"line":189,"column":16},"end":{"line":208,"column":3}},"line":189},"19":{"name":"(anonymous_19)","decl":{"start":{"line":211,"column":2},"end":{"line":211,"column":3}},"loc":{"start":{"line":211,"column":36},"end":{"line":239,"column":3}},"line":211},"20":{"name":"(anonymous_20)","decl":{"start":{"line":224,"column":17},"end":{"line":224,"column":18}},"loc":{"start":{"line":224,"column":21},"end":{"line":226,"column":7}},"line":224},"21":{"name":"(anonymous_21)","decl":{"start":{"line":231,"column":18},"end":{"line":231,"column":19}},"loc":{"start":{"line":231,"column":32},"end":{"line":233,"column":5}},"line":231},"22":{"name":"(anonymous_22)","decl":{"start":{"line":233,"column":7},"end":{"line":233,"column":8}},"loc":{"start":{"line":233,"column":11},"end":{"line":238,"column":5}},"line":233},"23":{"name":"(anonymous_23)","decl":{"start":{"line":241,"column":2},"end":{"line":241,"column":3}},"loc":{"start":{"line":241,"column":23},"end":{"line":258,"column":3}},"line":241},"24":{"name":"(anonymous_24)","decl":{"start":{"line":251,"column":12},"end":{"line":251,"column":13}},"loc":{"start":{"line":251,"column":19},"end":{"line":257,"column":7}},"line":251},"25":{"name":"(anonymous_25)","decl":{"start":{"line":259,"column":2},"end":{"line":259,"column":3}},"loc":{"start":{"line":259,"column":13},"end":{"line":277,"column":3}},"line":259},"26":{"name":"(anonymous_26)","decl":{"start":{"line":262,"column":36},"end":{"line":262,"column":37}},"loc":{"start":{"line":262,"column":44},"end":{"line":276,"column":5}},"line":262},"27":{"name":"(anonymous_27)","decl":{"start":{"line":273,"column":14},"end":{"line":273,"column":15}},"loc":{"start":{"line":273,"column":21},"end":{"line":275,"column":9}},"line":273},"28":{"name":"(anonymous_28)","decl":{"start":{"line":278,"column":2},"end":{"line":278,"column":3}},"loc":{"start":{"line":278,"column":22},"end":{"line":293,"column":3}},"line":278},"29":{"name":"(anonymous_29)","decl":{"start":{"line":285,"column":32},"end":{"line":285,"column":33}},"loc":{"start":{"line":285,"column":38},"end":{"line":287,"column":7}},"line":285},"30":{"name":"(anonymous_30)","decl":{"start":{"line":289,"column":38},"end":{"line":289,"column":39}},"loc":{"start":{"line":289,"column":44},"end":{"line":291,"column":7}},"line":289},"31":{"name":"(anonymous_31)","decl":{"start":{"line":295,"column":2},"end":{"line":295,"column":3}},"loc":{"start":{"line":295,"column":17},"end":{"line":325,"column":3}},"line":295},"32":{"name":"(anonymous_32)","decl":{"start":{"line":308,"column":12},"end":{"line":308,"column":13}},"loc":{"start":{"line":308,"column":19},"end":{"line":324,"column":7}},"line":308},"33":{"name":"(anonymous_33)","decl":{"start":{"line":323,"column":16},"end":{"line":323,"column":17}},"loc":{"start":{"line":323,"column":23},"end":{"line":323,"column":61}},"line":323},"34":{"name":"(anonymous_34)","decl":{"start":{"line":327,"column":2},"end":{"line":327,"column":3}},"loc":{"start":{"line":327,"column":13},"end":{"line":359,"column":3}},"line":327},"35":{"name":"(anonymous_35)","decl":{"start":{"line":332,"column":36},"end":{"line":332,"column":37}},"loc":{"start":{"line":332,"column":45},"end":{"line":358,"column":5}},"line":332},"36":{"name":"(anonymous_36)","decl":{"start":{"line":344,"column":14},"end":{"line":344,"column":15}},"loc":{"start":{"line":344,"column":21},"end":{"line":357,"column":9}},"line":344},"37":{"name":"(anonymous_37)","decl":{"start":{"line":356,"column":18},"end":{"line":356,"column":19}},"loc":{"start":{"line":356,"column":25},"end":{"line":356,"column":67}},"line":356},"38":{"name":"(anonymous_38)","decl":{"start":{"line":361,"column":2},"end":{"line":361,"column":3}},"loc":{"start":{"line":361,"column":71},"end":{"line":396,"column":3}},"line":361},"39":{"name":"(anonymous_39)","decl":{"start":{"line":370,"column":10},"end":{"line":370,"column":11}},"loc":{"start":{"line":370,"column":14},"end":{"line":376,"column":9}},"line":370},"40":{"name":"(anonymous_40)","decl":{"start":{"line":371,"column":21},"end":{"line":371,"column":22}},"loc":{"start":{"line":371,"column":25},"end":{"line":375,"column":11}},"line":371},"41":{"name":"(anonymous_41)","decl":{"start":{"line":389,"column":18},"end":{"line":389,"column":19}},"loc":{"start":{"line":389,"column":30},"end":{"line":395,"column":5}},"line":389},"42":{"name":"(anonymous_42)","decl":{"start":{"line":398,"column":2},"end":{"line":398,"column":3}},"loc":{"start":{"line":398,"column":21},"end":{"line":413,"column":3}},"line":398},"43":{"name":"(anonymous_43)","decl":{"start":{"line":404,"column":14},"end":{"line":404,"column":15}},"loc":{"start":{"line":404,"column":20},"end":{"line":406,"column":9}},"line":404},"44":{"name":"(anonymous_44)","decl":{"start":{"line":409,"column":14},"end":{"line":409,"column":15}},"loc":{"start":{"line":409,"column":20},"end":{"line":411,"column":9}},"line":409},"45":{"name":"(anonymous_45)","decl":{"start":{"line":414,"column":2},"end":{"line":414,"column":3}},"loc":{"start":{"line":414,"column":10},"end":{"line":470,"column":3}},"line":414}},"branchMap":{"0":{"loc":{"start":{"line":80,"column":6},"end":{"line":84,"column":7}},"type":"if","locations":[{"start":{"line":80,"column":6},"end":{"line":84,"column":7}},{"start":{"line":80,"column":6},"end":{"line":84,"column":7}}],"line":80},"1":{"loc":{"start":{"line":81,"column":8},"end":{"line":81,"column":32}},"type":"if","locations":[{"start":{"line":81,"column":8},"end":{"line":81,"column":32}},{"start":{"line":81,"column":8},"end":{"line":81,"column":32}}],"line":81},"2":{"loc":{"start":{"line":89,"column":6},"end":{"line":96,"column":7}},"type":"if","locations":[{"start":{"line":89,"column":6},"end":{"line":96,"column":7}},{"start":{"line":89,"column":6},"end":{"line":96,"column":7}}],"line":89},"3":{"loc":{"start":{"line":104,"column":8},"end":{"line":109,"column":11}},"type":"binary-expr","locations":[{"start":{"line":104,"column":8},"end":{"line":104,"column":20}},{"start":{"line":104,"column":24},"end":{"line":109,"column":11}}],"line":104},"4":{"loc":{"start":{"line":113,"column":10},"end":{"line":117,"column":11}},"type":"if","locations":[{"start":{"line":113,"column":10},"end":{"line":117,"column":11}},{"start":{"line":113,"column":10},"end":{"line":117,"column":11}}],"line":113},"5":{"loc":{"start":{"line":113,"column":13},"end":{"line":113,"column":49}},"type":"binary-expr","locations":[{"start":{"line":113,"column":13},"end":{"line":113,"column":17}},{"start":{"line":113,"column":21},"end":{"line":113,"column":49}}],"line":113},"6":{"loc":{"start":{"line":128,"column":8},"end":{"line":134,"column":9}},"type":"if","locations":[{"start":{"line":128,"column":8},"end":{"line":134,"column":9}},{"start":{"line":128,"column":8},"end":{"line":134,"column":9}}],"line":128},"7":{"loc":{"start":{"line":154,"column":6},"end":{"line":156,"column":7}},"type":"if","locations":[{"start":{"line":154,"column":6},"end":{"line":156,"column":7}},{"start":{"line":154,"column":6},"end":{"line":156,"column":7}}],"line":154},"8":{"loc":{"start":{"line":161,"column":6},"end":{"line":184,"column":7}},"type":"if","locations":[{"start":{"line":161,"column":6},"end":{"line":184,"column":7}},{"start":{"line":161,"column":6},"end":{"line":184,"column":7}}],"line":161},"9":{"loc":{"start":{"line":162,"column":8},"end":{"line":172,"column":9}},"type":"if","locations":[{"start":{"line":162,"column":8},"end":{"line":172,"column":9}},{"start":{"line":162,"column":8},"end":{"line":172,"column":9}}],"line":162},"10":{"loc":{"start":{"line":193,"column":4},"end":{"line":206,"column":21}},"type":"if","locations":[{"start":{"line":193,"column":4},"end":{"line":206,"column":21}},{"start":{"line":193,"column":4},"end":{"line":206,"column":21}}],"line":193},"11":{"loc":{"start":{"line":194,"column":9},"end":{"line":206,"column":21}},"type":"if","locations":[{"start":{"line":194,"column":9},"end":{"line":206,"column":21}},{"start":{"line":194,"column":9},"end":{"line":206,"column":21}}],"line":194},"12":{"loc":{"start":{"line":194,"column":12},"end":{"line":194,"column":43}},"type":"binary-expr","locations":[{"start":{"line":194,"column":12},"end":{"line":194,"column":23}},{"start":{"line":194,"column":27},"end":{"line":194,"column":43}}],"line":194},"13":{"loc":{"start":{"line":195,"column":9},"end":{"line":206,"column":21}},"type":"if","locations":[{"start":{"line":195,"column":9},"end":{"line":206,"column":21}},{"start":{"line":195,"column":9},"end":{"line":206,"column":21}}],"line":195},"14":{"loc":{"start":{"line":195,"column":12},"end":{"line":195,"column":44}},"type":"binary-expr","locations":[{"start":{"line":195,"column":12},"end":{"line":195,"column":24}},{"start":{"line":195,"column":28},"end":{"line":195,"column":44}}],"line":195},"15":{"loc":{"start":{"line":196,"column":9},"end":{"line":206,"column":21}},"type":"if","locations":[{"start":{"line":196,"column":9},"end":{"line":206,"column":21}},{"start":{"line":196,"column":9},"end":{"line":206,"column":21}}],"line":196},"16":{"loc":{"start":{"line":196,"column":12},"end":{"line":196,"column":50}},"type":"binary-expr","locations":[{"start":{"line":196,"column":12},"end":{"line":196,"column":28}},{"start":{"line":196,"column":32},"end":{"line":196,"column":50}}],"line":196},"17":{"loc":{"start":{"line":197,"column":9},"end":{"line":206,"column":21}},"type":"if","locations":[{"start":{"line":197,"column":9},"end":{"line":206,"column":21}},{"start":{"line":197,"column":9},"end":{"line":206,"column":21}}],"line":197},"18":{"loc":{"start":{"line":197,"column":12},"end":{"line":197,"column":49}},"type":"binary-expr","locations":[{"start":{"line":197,"column":12},"end":{"line":197,"column":28}},{"start":{"line":197,"column":32},"end":{"line":197,"column":49}}],"line":197},"19":{"loc":{"start":{"line":198,"column":9},"end":{"line":206,"column":21}},"type":"if","locations":[{"start":{"line":198,"column":9},"end":{"line":206,"column":21}},{"start":{"line":198,"column":9},"end":{"line":206,"column":21}}],"line":198},"20":{"loc":{"start":{"line":198,"column":12},"end":{"line":198,"column":31}},"type":"binary-expr","locations":[{"start":{"line":198,"column":12},"end":{"line":198,"column":19}},{"start":{"line":198,"column":23},"end":{"line":198,"column":31}}],"line":198},"21":{"loc":{"start":{"line":199,"column":6},"end":{"line":204,"column":7}},"type":"if","locations":[{"start":{"line":199,"column":6},"end":{"line":204,"column":7}},{"start":{"line":199,"column":6},"end":{"line":204,"column":7}}],"line":199},"22":{"loc":{"start":{"line":216,"column":15},"end":{"line":216,"column":71}},"type":"binary-expr","locations":[{"start":{"line":216,"column":15},"end":{"line":216,"column":33}},{"start":{"line":216,"column":37},"end":{"line":216,"column":71}}],"line":216},"23":{"loc":{"start":{"line":218,"column":21},"end":{"line":218,"column":53}},"type":"binary-expr","locations":[{"start":{"line":218,"column":21},"end":{"line":218,"column":34}},{"start":{"line":218,"column":38},"end":{"line":218,"column":53}}],"line":218},"24":{"loc":{"start":{"line":219,"column":4},"end":{"line":221,"column":5}},"type":"if","locations":[{"start":{"line":219,"column":4},"end":{"line":221,"column":5}},{"start":{"line":219,"column":4},"end":{"line":221,"column":5}}],"line":219},"25":{"loc":{"start":{"line":223,"column":4},"end":{"line":229,"column":5}},"type":"if","locations":[{"start":{"line":223,"column":4},"end":{"line":229,"column":5}},{"start":{"line":223,"column":4},"end":{"line":229,"column":5}}],"line":223},"26":{"loc":{"start":{"line":252,"column":8},"end":{"line":256,"column":9}},"type":"if","locations":[{"start":{"line":252,"column":8},"end":{"line":256,"column":9}},{"start":{"line":252,"column":8},"end":{"line":256,"column":9}}],"line":252},"27":{"loc":{"start":{"line":264,"column":6},"end":{"line":266,"column":7}},"type":"if","locations":[{"start":{"line":264,"column":6},"end":{"line":266,"column":7}},{"start":{"line":264,"column":6},"end":{"line":266,"column":7}}],"line":264},"28":{"loc":{"start":{"line":280,"column":4},"end":{"line":280,"column":43}},"type":"if","locations":[{"start":{"line":280,"column":4},"end":{"line":280,"column":43}},{"start":{"line":280,"column":4},"end":{"line":280,"column":43}}],"line":280},"29":{"loc":{"start":{"line":284,"column":4},"end":{"line":292,"column":5}},"type":"if","locations":[{"start":{"line":284,"column":4},"end":{"line":292,"column":5}},{"start":{"line":284,"column":4},"end":{"line":292,"column":5}}],"line":284},"30":{"loc":{"start":{"line":309,"column":8},"end":{"line":311,"column":9}},"type":"if","locations":[{"start":{"line":309,"column":8},"end":{"line":311,"column":9}},{"start":{"line":309,"column":8},"end":{"line":311,"column":9}}],"line":309},"31":{"loc":{"start":{"line":334,"column":6},"end":{"line":336,"column":7}},"type":"if","locations":[{"start":{"line":334,"column":6},"end":{"line":336,"column":7}},{"start":{"line":334,"column":6},"end":{"line":336,"column":7}}],"line":334},"32":{"loc":{"start":{"line":362,"column":4},"end":{"line":379,"column":5}},"type":"if","locations":[{"start":{"line":362,"column":4},"end":{"line":379,"column":5}},{"start":{"line":362,"column":4},"end":{"line":379,"column":5}}],"line":362},"33":{"loc":{"start":{"line":362,"column":7},"end":{"line":362,"column":42}},"type":"binary-expr","locations":[{"start":{"line":362,"column":7},"end":{"line":362,"column":24}},{"start":{"line":362,"column":28},"end":{"line":362,"column":42}}],"line":362},"34":{"loc":{"start":{"line":367,"column":6},"end":{"line":377,"column":7}},"type":"if","locations":[{"start":{"line":367,"column":6},"end":{"line":377,"column":7}},{"start":{"line":367,"column":6},"end":{"line":377,"column":7}}],"line":367},"35":{"loc":{"start":{"line":382,"column":4},"end":{"line":388,"column":5}},"type":"if","locations":[{"start":{"line":382,"column":4},"end":{"line":388,"column":5}},{"start":{"line":382,"column":4},"end":{"line":388,"column":5}}],"line":382},"36":{"loc":{"start":{"line":392,"column":20},"end":{"line":392,"column":81}},"type":"cond-expr","locations":[{"start":{"line":392,"column":42},"end":{"line":392,"column":65}},{"start":{"line":392,"column":68},"end":{"line":392,"column":81}}],"line":392},"37":{"loc":{"start":{"line":402,"column":4},"end":{"line":412,"column":5}},"type":"if","locations":[{"start":{"line":402,"column":4},"end":{"line":412,"column":5}},{"start":{"line":402,"column":4},"end":{"line":412,"column":5}}],"line":402},"38":{"loc":{"start":{"line":438,"column":10},"end":{"line":440,"column":18}},"type":"cond-expr","locations":[{"start":{"line":439,"column":14},"end":{"line":439,"column":45}},{"start":{"line":440,"column":14},"end":{"line":440,"column":18}}],"line":438}},"s":{"0":3,"1":3,"2":3,"3":3,"4":3,"5":3,"6":3,"7":3,"8":3,"9":3,"10":3,"11":3,"12":3,"13":3,"14":3,"15":3,"16":3,"17":3,"18":3,"19":3,"20":0,"21":0,"22":0,"23":0,"24":0,"25":0,"26":0,"27":0,"28":0,"29":0,"30":0,"31":0,"32":0,"33":0,"34":0,"35":0,"36":0,"37":0,"38":0,"39":0,"40":0,"41":0,"42":0,"43":0,"44":0,"45":0,"46":0,"47":0,"48":0,"49":0,"50":0,"51":0,"52":0,"53":0,"54":0,"55":0,"56":2,"57":2,"58":6,"59":30,"60":30,"61":6,"62":6,"63":6,"64":6,"65":5,"66":5,"67":0,"68":6,"69":0,"70":0,"71":0,"72":0,"73":6,"74":6,"75":6,"76":6,"77":6,"78":6,"79":1,"80":5,"81":1,"82":4,"83":1,"84":3,"85":1,"86":2,"87":2,"88":0,"89":0,"90":0,"91":0,"92":0,"93":0,"94":0,"95":6,"96":1,"97":1,"98":1,"99":1,"100":1,"101":1,"102":1,"103":1,"104":1,"105":1,"106":1,"107":0,"108":0,"109":1,"110":1,"111":1,"112":1,"113":0,"114":0,"115":0,"116":0,"117":0,"118":0,"119":0,"120":0,"121":0,"122":0,"123":0,"124":0,"125":0,"126":0,"127":0,"128":0,"129":0,"130":0,"131":0,"132":0,"133":0,"134":0,"135":0,"136":0,"137":0,"138":0,"139":0,"140":0,"141":0,"142":0,"143":0,"144":0,"145":0,"146":0,"147":0,"148":0,"149":0,"150":3,"151":3,"152":3,"153":3,"154":3,"155":3,"156":3,"157":3,"158":1,"159":2,"160":2,"161":2,"162":2,"163":2,"164":11,"165":11,"166":2,"167":2,"168":3,"169":1,"170":1,"171":1,"172":1,"173":0,"174":1,"175":2,"176":2,"177":2,"178":2,"179":2,"180":5,"181":2,"182":0,"183":2,"184":2,"185":3,"186":3,"187":3,"188":3,"189":0,"190":0,"191":18,"192":18,"193":18},"f":{"0":3,"1":3,"2":0,"3":0,"4":0,"5":0,"6":0,"7":0,"8":0,"9":0,"10":2,"11":2,"12":6,"13":6,"14":5,"15":0,"16":0,"17":0,"18":6,"19":1,"20":0,"21":1,"22":1,"23":0,"24":0,"25":0,"26":0,"27":0,"28":0,"29":0,"30":0,"31":0,"32":0,"33":0,"34":3,"35":3,"36":2,"37":2,"38":3,"39":1,"40":0,"41":2,"42":3,"43":3,"44":0,"45":18},"b":{"0":[0,0],"1":[0,0],"2":[0,0],"3":[0,0],"4":[0,0],"5":[0,0],"6":[0,0],"7":[30,0],"8":[6,0],"9":[5,1],"10":[1,5],"11":[1,4],"12":[5,5],"13":[1,3],"14":[4,4],"15":[1,2],"16":[3,3],"17":[2,0],"18":[2,2],"19":[0,0],"20":[0,0],"21":[0,0],"22":[1,1],"23":[1,1],"24":[1,0],"25":[0,1],"26":[0,0],"27":[0,0],"28":[0,0],"29":[0,0],"30":[0,0],"31":[1,2],"32":[1,2],"33":[3,2],"34":[1,0],"35":[2,0],"36":[0,2],"37":[3,0],"38":[8,10]},"_coverageSchema":"43e27e138ebf9cfc5966b082cf9a028302ed4184","hash":"65fdc376ea0239e9e370c7fce23d35eab4ce14e9"}
,"D:\\Project\\github\\react-valine\\src\\ValineContext.js": {"path":"D:\\Project\\github\\react-valine\\src\\ValineContext.js","statementMap":{"0":{"start":{"line":3,"column":20},"end":{"line":3,"column":45}}},"fnMap":{},"branchMap":{},"s":{"0":3},"f":{},"b":{},"_coverageSchema":"43e27e138ebf9cfc5966b082cf9a028302ed4184","hash":"9ed8d10bba5acefa26f775a0c3d17d366f8d6212"}
,"D:\\Project\\github\\react-valine\\src\\ValineCount.js": {"path":"D:\\Project\\github\\react-valine\\src\\ValineCount.js","statementMap":{"0":{"start":{"line":11,"column":4},"end":{"line":28,"column":5}},"1":{"start":{"line":14,"column":53},"end":{"line":14,"column":65}},"2":{"start":{"line":15,"column":38},"end":{"line":15,"column":48}},"3":{"start":{"line":16,"column":10},"end":{"line":24,"column":11}},"4":{"start":{"line":32,"column":0},"end":{"line":35,"column":1}}},"fnMap":{"0":{"name":"(anonymous_0)","decl":{"start":{"line":10,"column":2},"end":{"line":10,"column":3}},"loc":{"start":{"line":10,"column":10},"end":{"line":29,"column":3}},"line":10},"1":{"name":"(anonymous_1)","decl":{"start":{"line":13,"column":9},"end":{"line":13,"column":10}},"loc":{"start":{"line":13,"column":23},"end":{"line":25,"column":9}},"line":13}},"branchMap":{},"s":{"0":3,"1":3,"2":3,"3":3,"4":3},"f":{"0":3,"1":3},"b":{},"_coverageSchema":"43e27e138ebf9cfc5966b082cf9a028302ed4184","hash":"cb54f080fb938f286977066bad27c88a72c8bc4d"}
,"D:\\Project\\github\\react-valine\\src\\ValineGetCount.js": {"path":"D:\\Project\\github\\react-valine\\src\\ValineGetCount.js","statementMap":{"0":{"start":{"line":6,"column":4},"end":{"line":6,"column":16}},"1":{"start":{"line":7,"column":35},"end":{"line":7,"column":40}},"2":{"start":{"line":8,"column":4},"end":{"line":11,"column":5}},"3":{"start":{"line":12,"column":4},"end":{"line":12,"column":25}},"4":{"start":{"line":16,"column":4},"end":{"line":16,"column":24}},"5":{"start":{"line":17,"column":4},"end":{"line":24,"column":8}},"6":{"start":{"line":19,"column":8},"end":{"line":23,"column":9}},"7":{"start":{"line":20,"column":10},"end":{"line":22,"column":12}},"8":{"start":{"line":27,"column":4},"end":{"line":35,"column":8}},"9":{"start":{"line":29,"column":8},"end":{"line":29,"column":42}},"10":{"start":{"line":29,"column":36},"end":{"line":29,"column":42}},"11":{"start":{"line":30,"column":8},"end":{"line":34,"column":9}},"12":{"start":{"line":31,"column":10},"end":{"line":33,"column":12}},"13":{"start":{"line":39,"column":4},"end":{"line":39,"column":25}},"14":{"start":{"line":43,"column":4},"end":{"line":43,"column":67}},"15":{"start":{"line":47,"column":0},"end":{"line":49,"column":1}}},"fnMap":{"0":{"name":"(anonymous_0)","decl":{"start":{"line":5,"column":2},"end":{"line":5,"column":3}},"loc":{"start":{"line":5,"column":20},"end":{"line":13,"column":3}},"line":5},"1":{"name":"(anonymous_1)","decl":{"start":{"line":15,"column":2},"end":{"line":15,"column":3}},"loc":{"start":{"line":15,"column":21},"end":{"line":25,"column":3}},"line":15},"2":{"name":"(anonymous_2)","decl":{"start":{"line":18,"column":12},"end":{"line":18,"column":13}},"loc":{"start":{"line":18,"column":19},"end":{"line":24,"column":7}},"line":18},"3":{"name":"(anonymous_3)","decl":{"start":{"line":26,"column":2},"end":{"line":26,"column":3}},"loc":{"start":{"line":26,"column":22},"end":{"line":36,"column":3}},"line":26},"4":{"name":"(anonymous_4)","decl":{"start":{"line":28,"column":12},"end":{"line":28,"column":13}},"loc":{"start":{"line":28,"column":19},"end":{"line":35,"column":7}},"line":28},"5":{"name":"(anonymous_5)","decl":{"start":{"line":38,"column":2},"end":{"line":38,"column":3}},"loc":{"start":{"line":38,"column":24},"end":{"line":40,"column":3}},"line":38},"6":{"name":"(anonymous_6)","decl":{"start":{"line":42,"column":2},"end":{"line":42,"column":3}},"loc":{"start":{"line":42,"column":10},"end":{"line":44,"column":3}},"line":42}},"branchMap":{"0":{"loc":{"start":{"line":9,"column":12},"end":{"line":9,"column":42}},"type":"cond-expr","locations":[{"start":{"line":9,"column":26},"end":{"line":9,"column":34}},{"start":{"line":9,"column":37},"end":{"line":9,"column":42}}],"line":9},"1":{"loc":{"start":{"line":19,"column":8},"end":{"line":23,"column":9}},"type":"if","locations":[{"start":{"line":19,"column":8},"end":{"line":23,"column":9}},{"start":{"line":19,"column":8},"end":{"line":23,"column":9}}],"line":19},"2":{"loc":{"start":{"line":29,"column":8},"end":{"line":29,"column":42}},"type":"if","locations":[{"start":{"line":29,"column":8},"end":{"line":29,"column":42}},{"start":{"line":29,"column":8},"end":{"line":29,"column":42}}],"line":29},"3":{"loc":{"start":{"line":30,"column":8},"end":{"line":34,"column":9}},"type":"if","locations":[{"start":{"line":30,"column":8},"end":{"line":34,"column":9}},{"start":{"line":30,"column":8},"end":{"line":34,"column":9}}],"line":30}},"s":{"0":6,"1":6,"2":6,"3":6,"4":6,"5":6,"6":6,"7":6,"8":6,"9":6,"10":6,"11":0,"12":0,"13":0,"14":12,"15":3},"f":{"0":6,"1":6,"2":6,"3":6,"4":6,"5":0,"6":12},"b":{"0":[6,0],"1":[6,0],"2":[6,0],"3":[0,0]},"_coverageSchema":"43e27e138ebf9cfc5966b082cf9a028302ed4184","hash":"54ae20f1563035f728a089e5880dbcb6738170e8"}
,"D:\\Project\\github\\react-valine\\src\\ValinePageview.js": {"path":"D:\\Project\\github\\react-valine\\src\\ValinePageview.js","statementMap":{"0":{"start":{"line":13,"column":4},"end":{"line":30,"column":5}},"1":{"start":{"line":16,"column":38},"end":{"line":16,"column":50}},"2":{"start":{"line":17,"column":44},"end":{"line":17,"column":54}},"3":{"start":{"line":18,"column":10},"end":{"line":26,"column":11}},"4":{"start":{"line":33,"column":0},"end":{"line":35,"column":1}},"5":{"start":{"line":37,"column":0},"end":{"line":41,"column":1}}},"fnMap":{"0":{"name":"(anonymous_0)","decl":{"start":{"line":12,"column":2},"end":{"line":12,"column":3}},"loc":{"start":{"line":12,"column":10},"end":{"line":31,"column":3}},"line":12},"1":{"name":"(anonymous_1)","decl":{"start":{"line":15,"column":9},"end":{"line":15,"column":10}},"loc":{"start":{"line":15,"column":23},"end":{"line":27,"column":9}},"line":15}},"branchMap":{},"s":{"0":3,"1":3,"2":3,"3":3,"4":3,"5":3},"f":{"0":3,"1":3},"b":{},"_coverageSchema":"43e27e138ebf9cfc5966b082cf9a028302ed4184","hash":"8b7f521d57d88386bf2936e5883715d8bdc382aa"}
,"D:\\Project\\github\\react-valine\\src\\ValinePanel.js": {"path":"D:\\Project\\github\\react-valine\\src\\ValinePanel.js","statementMap":{"0":{"start":{"line":9,"column":4},"end":{"line":9,"column":16}},"1":{"start":{"line":10,"column":4},"end":{"line":13,"column":5}},"2":{"start":{"line":18,"column":4},"end":{"line":26,"column":5}},"3":{"start":{"line":21,"column":29},"end":{"line":21,"column":39}},"4":{"start":{"line":22,"column":55},"end":{"line":22,"column":67}},"5":{"start":{"line":23,"column":10},"end":{"line":23,"column":127}},"6":{"start":{"line":31,"column":0},"end":{"line":33,"column":1}}},"fnMap":{"0":{"name":"(anonymous_0)","decl":{"start":{"line":8,"column":2},"end":{"line":8,"column":3}},"loc":{"start":{"line":8,"column":20},"end":{"line":14,"column":3}},"line":8},"1":{"name":"(anonymous_1)","decl":{"start":{"line":17,"column":2},"end":{"line":17,"column":3}},"loc":{"start":{"line":17,"column":10},"end":{"line":28,"column":3}},"line":17},"2":{"name":"(anonymous_2)","decl":{"start":{"line":20,"column":9},"end":{"line":20,"column":10}},"loc":{"start":{"line":20,"column":23},"end":{"line":24,"column":9}},"line":20}},"branchMap":{},"s":{"0":3,"1":3,"2":3,"3":3,"4":3,"5":3,"6":3},"f":{"0":3,"1":3,"2":3},"b":{},"_coverageSchema":"43e27e138ebf9cfc5966b082cf9a028302ed4184","hash":"5b9b8485217a3d943e46e55b7dd1c3364e55fe74"}
,"D:\\Project\\github\\react-valine\\src\\react-valine.js": {"path":"D:\\Project\\github\\react-valine\\src\\react-valine.js","statementMap":{},"fnMap":{},"branchMap":{},"s":{},"f":{},"b":{},"_coverageSchema":"43e27e138ebf9cfc5966b082cf9a028302ed4184","hash":"d0a7827837b67fabaf1e76ec6d1396f19f4e25f1"}
,"D:\\Project\\github\\react-valine\\src\\info\\ErrorLog.js": {"path":"D:\\Project\\github\\react-valine\\src\\info\\ErrorLog.js","statementMap":{"0":{"start":{"line":6,"column":21},"end":{"line":6,"column":31}},"1":{"start":{"line":7,"column":20},"end":{"line":7,"column":76}},"2":{"start":{"line":8,"column":4},"end":{"line":8,"column":114}}},"fnMap":{"0":{"name":"(anonymous_0)","decl":{"start":{"line":5,"column":2},"end":{"line":5,"column":3}},"loc":{"start":{"line":5,"column":10},"end":{"line":9,"column":3}},"line":5}},"branchMap":{"0":{"loc":{"start":{"line":7,"column":20},"end":{"line":7,"column":76}},"type":"binary-expr","locations":[{"start":{"line":7,"column":20},"end":{"line":7,"column":38}},{"start":{"line":7,"column":42},"end":{"line":7,"column":76}}],"line":7}},"s":{"0":5,"1":5,"2":5},"f":{"0":5},"b":{"0":[5,5]},"_coverageSchema":"43e27e138ebf9cfc5966b082cf9a028302ed4184","hash":"83f02b48d1a2a745e307c0fd852627e1ecd8075d"}
,"D:\\Project\\github\\react-valine\\src\\info\\InfoComponent.js": {"path":"D:\\Project\\github\\react-valine\\src\\info\\InfoComponent.js","statementMap":{"0":{"start":{"line":6,"column":40},"end":{"line":6,"column":50}},"1":{"start":{"line":7,"column":4},"end":{"line":11,"column":5}}},"fnMap":{"0":{"name":"(anonymous_0)","decl":{"start":{"line":5,"column":2},"end":{"line":5,"column":3}},"loc":{"start":{"line":5,"column":10},"end":{"line":12,"column":3}},"line":5}},"branchMap":{},"s":{"0":5,"1":5},"f":{"0":5},"b":{},"_coverageSchema":"43e27e138ebf9cfc5966b082cf9a028302ed4184","hash":"882e8bc942adbadd408968875fe9ffbf49a09458"}
,"D:\\Project\\github\\react-valine\\src\\input\\EmojiPreviewComponent.js": {"path":"D:\\Project\\github\\react-valine\\src\\input\\EmojiPreviewComponent.js","statementMap":{"0":{"start":{"line":8,"column":73},"end":{"line":8,"column":83}},"1":{"start":{"line":9,"column":21},"end":{"line":9,"column":33}},"2":{"start":{"line":10,"column":4},"end":{"line":22,"column":5}},"3":{"start":{"line":16,"column":14},"end":{"line":18,"column":19}}},"fnMap":{"0":{"name":"(anonymous_0)","decl":{"start":{"line":7,"column":2},"end":{"line":7,"column":3}},"loc":{"start":{"line":7,"column":11},"end":{"line":23,"column":3}},"line":7},"1":{"name":"(anonymous_1)","decl":{"start":{"line":15,"column":26},"end":{"line":15,"column":27}},"loc":{"start":{"line":16,"column":14},"end":{"line":18,"column":19}},"line":16}},"branchMap":{"0":{"loc":{"start":{"line":11,"column":6},"end":{"line":21,"column":13}},"type":"cond-expr","locations":[{"start":{"line":12,"column":8},"end":{"line":12,"column":12}},{"start":{"line":13,"column":8},"end":{"line":21,"column":13}}],"line":11},"1":{"loc":{"start":{"line":16,"column":36},"end":{"line":16,"column":98}},"type":"cond-expr","locations":[{"start":{"line":16,"column":56},"end":{"line":16,"column":91}},{"start":{"line":16,"column":94},"end":{"line":16,"column":98}}],"line":16}},"s":{"0":14,"1":14,"2":14,"3":25},"f":{"0":14,"1":25},"b":{"0":[9,5],"1":[5,20]},"_coverageSchema":"43e27e138ebf9cfc5966b082cf9a028302ed4184","hash":"0b28d5c9e5f04208f6624b135db82419ede6d2b9"}
,"D:\\Project\\github\\react-valine\\src\\input\\InputContainer.js": {"path":"D:\\Project\\github\\react-valine\\src\\input\\InputContainer.js","statementMap":{"0":{"start":{"line":9,"column":18},"end":{"line":9,"column":91}},"1":{"start":{"line":14,"column":4},"end":{"line":14,"column":16}},"2":{"start":{"line":15,"column":4},"end":{"line":25,"column":5}},"3":{"start":{"line":26,"column":4},"end":{"line":26,"column":52}},"4":{"start":{"line":27,"column":4},"end":{"line":27,"column":48}},"5":{"start":{"line":28,"column":4},"end":{"line":28,"column":48}},"6":{"start":{"line":29,"column":4},"end":{"line":29,"column":50}},"7":{"start":{"line":30,"column":4},"end":{"line":30,"column":50}},"8":{"start":{"line":31,"column":4},"end":{"line":31,"column":54}},"9":{"start":{"line":32,"column":4},"end":{"line":32,"column":54}},"10":{"start":{"line":33,"column":4},"end":{"line":33,"column":58}},"11":{"start":{"line":34,"column":4},"end":{"line":34,"column":70}},"12":{"start":{"line":35,"column":4},"end":{"line":35,"column":72}},"13":{"start":{"line":37,"column":4},"end":{"line":37,"column":38}},"14":{"start":{"line":41,"column":12},"end":{"line":41,"column":36}},"15":{"start":{"line":43,"column":34},"end":{"line":43,"column":76}},"16":{"start":{"line":44,"column":4},"end":{"line":53,"column":6}},"17":{"start":{"line":49,"column":6},"end":{"line":49,"column":17}},"18":{"start":{"line":50,"column":6},"end":{"line":50,"column":51}},"19":{"start":{"line":51,"column":6},"end":{"line":51,"column":49}},"20":{"start":{"line":52,"column":6},"end":{"line":52,"column":32}},"21":{"start":{"line":57,"column":12},"end":{"line":57,"column":36}},"22":{"start":{"line":58,"column":34},"end":{"line":58,"column":60}},"23":{"start":{"line":59,"column":4},"end":{"line":66,"column":6}},"24":{"start":{"line":62,"column":6},"end":{"line":62,"column":18}},"25":{"start":{"line":63,"column":6},"end":{"line":63,"column":51}},"26":{"start":{"line":64,"column":6},"end":{"line":64,"column":49}},"27":{"start":{"line":65,"column":6},"end":{"line":65,"column":32}},"28":{"start":{"line":74,"column":4},"end":{"line":74,"column":20}},"29":{"start":{"line":74,"column":14},"end":{"line":74,"column":20}},"30":{"start":{"line":75,"column":48},"end":{"line":75,"column":58}},"31":{"start":{"line":76,"column":16},"end":{"line":76,"column":29}},"32":{"start":{"line":76,"column":38},"end":{"line":76,"column":54}},"33":{"start":{"line":77,"column":4},"end":{"line":120,"column":5}},"34":{"start":{"line":78,"column":6},"end":{"line":84,"column":7}},"35":{"start":{"line":79,"column":8},"end":{"line":79,"column":30}},"36":{"start":{"line":80,"column":8},"end":{"line":83,"column":10}},"37":{"start":{"line":85,"column":10},"end":{"line":120,"column":5}},"38":{"start":{"line":86,"column":6},"end":{"line":88,"column":7}},"39":{"start":{"line":87,"column":8},"end":{"line":87,"column":36}},"40":{"start":{"line":89,"column":6},"end":{"line":93,"column":7}},"41":{"start":{"line":90,"column":8},"end":{"line":90,"column":30}},"42":{"start":{"line":91,"column":24},"end":{"line":91,"column":48}},"43":{"start":{"line":92,"column":8},"end":{"line":92,"column":60}},"44":{"start":{"line":94,"column":10},"end":{"line":120,"column":5}},"45":{"start":{"line":95,"column":6},"end":{"line":103,"column":7}},"46":{"start":{"line":96,"column":8},"end":{"line":96,"column":30}},"47":{"start":{"line":97,"column":24},"end":{"line":97,"column":25}},"48":{"start":{"line":98,"column":8},"end":{"line":99,"column":60}},"49":{"start":{"line":98,"column":24},"end":{"line":98,"column":63}},"50":{"start":{"line":99,"column":13},"end":{"line":99,"column":60}},"51":{"start":{"line":100,"column":8},"end":{"line":102,"column":10}},"52":{"start":{"line":104,"column":10},"end":{"line":120,"column":5}},"53":{"start":{"line":105,"column":6},"end":{"line":107,"column":7}},"54":{"start":{"line":106,"column":8},"end":{"line":106,"column":14}},"55":{"start":{"line":108,"column":6},"end":{"line":108,"column":28}},"56":{"start":{"line":109,"column":14},"end":{"line":109,"column":61}},"57":{"start":{"line":110,"column":20},"end":{"line":110,"column":24}},"58":{"start":{"line":111,"column":43},"end":{"line":111,"column":68}},"59":{"start":{"line":112,"column":6},"end":{"line":119,"column":8}},"60":{"start":{"line":115,"column":8},"end":{"line":115,"column":20}},"61":{"start":{"line":116,"column":8},"end":{"line":116,"column":37}},"62":{"start":{"line":117,"column":8},"end":{"line":117,"column":33}},"63":{"start":{"line":118,"column":8},"end":{"line":118,"column":34}},"64":{"start":{"line":125,"column":49},"end":{"line":125,"column":59}},"65":{"start":{"line":126,"column":21},"end":{"line":126,"column":23}},"66":{"start":{"line":126,"column":40},"end":{"line":126,"column":52}},"67":{"start":{"line":127,"column":12},"end":{"line":127,"column":55}},"68":{"start":{"line":128,"column":21},"end":{"line":128,"column":39}},"69":{"start":{"line":129,"column":12},"end":{"line":129,"column":21}},"70":{"start":{"line":131,"column":15},"end":{"line":131,"column":51}},"71":{"start":{"line":132,"column":4},"end":{"line":132,"column":48}},"72":{"start":{"line":132,"column":16},"end":{"line":132,"column":48}},"73":{"start":{"line":135,"column":4},"end":{"line":138,"column":5}},"74":{"start":{"line":136,"column":21},"end":{"line":136,"column":60}},"75":{"start":{"line":137,"column":6},"end":{"line":137,"column":32}},"76":{"start":{"line":140,"column":15},"end":{"line":140,"column":59}},"77":{"start":{"line":141,"column":13},"end":{"line":141,"column":22}},"78":{"start":{"line":142,"column":4},"end":{"line":142,"column":28}},"79":{"start":{"line":143,"column":4},"end":{"line":143,"column":30}},"80":{"start":{"line":144,"column":4},"end":{"line":153,"column":6}},"81":{"start":{"line":151,"column":6},"end":{"line":151,"column":39}},"82":{"start":{"line":152,"column":6},"end":{"line":152,"column":37}},"83":{"start":{"line":157,"column":4},"end":{"line":157,"column":27}},"84":{"start":{"line":158,"column":12},"end":{"line":158,"column":24}},"85":{"start":{"line":158,"column":32},"end":{"line":158,"column":51}},"86":{"start":{"line":159,"column":4},"end":{"line":171,"column":6}},"87":{"start":{"line":160,"column":6},"end":{"line":170,"column":7}},"88":{"start":{"line":161,"column":16},"end":{"line":161,"column":18}},"89":{"start":{"line":162,"column":8},"end":{"line":163,"column":24}},"90":{"start":{"line":162,"column":28},"end":{"line":162,"column":55}},"91":{"start":{"line":163,"column":13},"end":{"line":163,"column":24}},"92":{"start":{"line":164,"column":8},"end":{"line":166,"column":10}},"93":{"start":{"line":167,"column":8},"end":{"line":167,"column":17}},"94":{"start":{"line":169,"column":8},"end":{"line":169,"column":16}},"95":{"start":{"line":175,"column":4},"end":{"line":175,"column":27}},"96":{"start":{"line":176,"column":15},"end":{"line":176,"column":33}},"97":{"start":{"line":177,"column":4},"end":{"line":179,"column":6}},"98":{"start":{"line":183,"column":4},"end":{"line":183,"column":27}},"99":{"start":{"line":184,"column":15},"end":{"line":184,"column":33}},"100":{"start":{"line":185,"column":4},"end":{"line":187,"column":6}},"101":{"start":{"line":191,"column":15},"end":{"line":191,"column":33}},"102":{"start":{"line":192,"column":4},"end":{"line":194,"column":6}},"103":{"start":{"line":197,"column":57},"end":{"line":197,"column":67}},"104":{"start":{"line":198,"column":26},"end":{"line":198,"column":36}},"105":{"start":{"line":199,"column":4},"end":{"line":205,"column":20}},"106":{"start":{"line":201,"column":8},"end":{"line":203,"column":10}},"107":{"start":{"line":209,"column":4},"end":{"line":211,"column":5}},"108":{"start":{"line":210,"column":6},"end":{"line":210,"column":38}},"109":{"start":{"line":216,"column":4},"end":{"line":221,"column":5}},"110":{"start":{"line":217,"column":6},"end":{"line":220,"column":8}},"111":{"start":{"line":225,"column":4},"end":{"line":235,"column":5}},"112":{"start":{"line":226,"column":15},"end":{"line":226,"column":50}},"113":{"start":{"line":227,"column":6},"end":{"line":227,"column":21}},"114":{"start":{"line":227,"column":15},"end":{"line":227,"column":21}},"115":{"start":{"line":228,"column":14},"end":{"line":228,"column":30}},"116":{"start":{"line":229,"column":6},"end":{"line":234,"column":8}},"117":{"start":{"line":236,"column":4},"end":{"line":236,"column":67}},"118":{"start":{"line":239,"column":4},"end":{"line":239,"column":70}},"119":{"start":{"line":253,"column":8},"end":{"line":253,"column":18}},"120":{"start":{"line":265,"column":6},"end":{"line":265,"column":16}},"121":{"start":{"line":267,"column":4},"end":{"line":306,"column":6}}},"fnMap":{"0":{"name":"(anonymous_0)","decl":{"start":{"line":13,"column":2},"end":{"line":13,"column":3}},"loc":{"start":{"line":13,"column":20},"end":{"line":38,"column":3}},"line":13},"1":{"name":"(anonymous_1)","decl":{"start":{"line":40,"column":2},"end":{"line":40,"column":3}},"loc":{"start":{"line":40,"column":27},"end":{"line":54,"column":3}},"line":40},"2":{"name":"(anonymous_2)","decl":{"start":{"line":48,"column":6},"end":{"line":48,"column":7}},"loc":{"start":{"line":48,"column":10},"end":{"line":53,"column":5}},"line":48},"3":{"name":"(anonymous_3)","decl":{"start":{"line":56,"column":2},"end":{"line":56,"column":3}},"loc":{"start":{"line":56,"column":20},"end":{"line":67,"column":3}},"line":56},"4":{"name":"(anonymous_4)","decl":{"start":{"line":61,"column":6},"end":{"line":61,"column":7}},"loc":{"start":{"line":61,"column":10},"end":{"line":66,"column":5}},"line":61},"5":{"name":"(anonymous_5)","decl":{"start":{"line":73,"column":2},"end":{"line":73,"column":3}},"loc":{"start":{"line":73,"column":25},"end":{"line":121,"column":3}},"line":73},"6":{"name":"(anonymous_6)","decl":{"start":{"line":114,"column":8},"end":{"line":114,"column":9}},"loc":{"start":{"line":114,"column":12},"end":{"line":119,"column":7}},"line":114},"7":{"name":"(anonymous_7)","decl":{"start":{"line":124,"column":2},"end":{"line":124,"column":3}},"loc":{"start":{"line":124,"column":38},"end":{"line":154,"column":3}},"line":124},"8":{"name":"(anonymous_8)","decl":{"start":{"line":150,"column":6},"end":{"line":150,"column":7}},"loc":{"start":{"line":150,"column":10},"end":{"line":153,"column":5}},"line":150},"9":{"name":"(anonymous_9)","decl":{"start":{"line":156,"column":2},"end":{"line":156,"column":3}},"loc":{"start":{"line":156,"column":23},"end":{"line":172,"column":3}},"line":156},"10":{"name":"(anonymous_10)","decl":{"start":{"line":159,"column":23},"end":{"line":159,"column":24}},"loc":{"start":{"line":159,"column":41},"end":{"line":171,"column":5}},"line":159},"11":{"name":"(anonymous_11)","decl":{"start":{"line":174,"column":2},"end":{"line":174,"column":3}},"loc":{"start":{"line":174,"column":21},"end":{"line":180,"column":3}},"line":174},"12":{"name":"(anonymous_12)","decl":{"start":{"line":182,"column":2},"end":{"line":182,"column":3}},"loc":{"start":{"line":182,"column":22},"end":{"line":188,"column":3}},"line":182},"13":{"name":"(anonymous_13)","decl":{"start":{"line":190,"column":2},"end":{"line":190,"column":3}},"loc":{"start":{"line":190,"column":21},"end":{"line":195,"column":3}},"line":190},"14":{"name":"(anonymous_14)","decl":{"start":{"line":196,"column":2},"end":{"line":196,"column":3}},"loc":{"start":{"line":196,"column":18},"end":{"line":206,"column":3}},"line":196},"15":{"name":"(anonymous_15)","decl":{"start":{"line":200,"column":12},"end":{"line":200,"column":13}},"loc":{"start":{"line":200,"column":16},"end":{"line":204,"column":7}},"line":200},"16":{"name":"(anonymous_16)","decl":{"start":{"line":205,"column":13},"end":{"line":205,"column":14}},"loc":{"start":{"line":205,"column":17},"end":{"line":205,"column":19}},"line":205},"17":{"name":"(anonymous_17)","decl":{"start":{"line":208,"column":2},"end":{"line":208,"column":3}},"loc":{"start":{"line":208,"column":31},"end":{"line":212,"column":3}},"line":208},"18":{"name":"(anonymous_18)","decl":{"start":{"line":214,"column":2},"end":{"line":214,"column":3}},"loc":{"start":{"line":214,"column":32},"end":{"line":222,"column":3}},"line":214},"19":{"name":"(anonymous_19)","decl":{"start":{"line":224,"column":2},"end":{"line":224,"column":3}},"loc":{"start":{"line":224,"column":21},"end":{"line":237,"column":3}},"line":224},"20":{"name":"(anonymous_20)","decl":{"start":{"line":238,"column":2},"end":{"line":238,"column":3}},"loc":{"start":{"line":238,"column":24},"end":{"line":240,"column":3}},"line":238},"21":{"name":"(anonymous_21)","decl":{"start":{"line":242,"column":2},"end":{"line":242,"column":3}},"loc":{"start":{"line":242,"column":11},"end":{"line":307,"column":3}},"line":242}},"branchMap":{"0":{"loc":{"start":{"line":74,"column":4},"end":{"line":74,"column":20}},"type":"if","locations":[{"start":{"line":74,"column":4},"end":{"line":74,"column":20}},{"start":{"line":74,"column":4},"end":{"line":74,"column":20}}],"line":74},"1":{"loc":{"start":{"line":77,"column":4},"end":{"line":120,"column":5}},"type":"if","locations":[{"start":{"line":77,"column":4},"end":{"line":120,"column":5}},{"start":{"line":77,"column":4},"end":{"line":120,"column":5}}],"line":77},"2":{"loc":{"start":{"line":78,"column":6},"end":{"line":84,"column":7}},"type":"if","locations":[{"start":{"line":78,"column":6},"end":{"line":84,"column":7}},{"start":{"line":78,"column":6},"end":{"line":84,"column":7}}],"line":78},"3":{"loc":{"start":{"line":85,"column":10},"end":{"line":120,"column":5}},"type":"if","locations":[{"start":{"line":85,"column":10},"end":{"line":120,"column":5}},{"start":{"line":85,"column":10},"end":{"line":120,"column":5}}],"line":85},"4":{"loc":{"start":{"line":86,"column":6},"end":{"line":88,"column":7}},"type":"if","locations":[{"start":{"line":86,"column":6},"end":{"line":88,"column":7}},{"start":{"line":86,"column":6},"end":{"line":88,"column":7}}],"line":86},"5":{"loc":{"start":{"line":89,"column":6},"end":{"line":93,"column":7}},"type":"if","locations":[{"start":{"line":89,"column":6},"end":{"line":93,"column":7}},{"start":{"line":89,"column":6},"end":{"line":93,"column":7}}],"line":89},"6":{"loc":{"start":{"line":94,"column":10},"end":{"line":120,"column":5}},"type":"if","locations":[{"start":{"line":94,"column":10},"end":{"line":120,"column":5}},{"start":{"line":94,"column":10},"end":{"line":120,"column":5}}],"line":94},"7":{"loc":{"start":{"line":94,"column":13},"end":{"line":94,"column":41}},"type":"binary-expr","locations":[{"start":{"line":94,"column":13},"end":{"line":94,"column":25}},{"start":{"line":94,"column":29},"end":{"line":94,"column":41}}],"line":94},"8":{"loc":{"start":{"line":95,"column":6},"end":{"line":103,"column":7}},"type":"if","locations":[{"start":{"line":95,"column":6},"end":{"line":103,"column":7}},{"start":{"line":95,"column":6},"end":{"line":103,"column":7}}],"line":95},"9":{"loc":{"start":{"line":98,"column":8},"end":{"line":99,"column":60}},"type":"if","locations":[{"start":{"line":98,"column":8},"end":{"line":99,"column":60}},{"start":{"line":98,"column":8},"end":{"line":99,"column":60}}],"line":98},"10":{"loc":{"start":{"line":104,"column":10},"end":{"line":120,"column":5}},"type":"if","locations":[{"start":{"line":104,"column":10},"end":{"line":120,"column":5}},{"start":{"line":104,"column":10},"end":{"line":120,"column":5}}],"line":104},"11":{"loc":{"start":{"line":105,"column":6},"end":{"line":107,"column":7}},"type":"if","locations":[{"start":{"line":105,"column":6},"end":{"line":107,"column":7}},{"start":{"line":105,"column":6},"end":{"line":107,"column":7}}],"line":105},"12":{"loc":{"start":{"line":109,"column":14},"end":{"line":109,"column":61}},"type":"cond-expr","locations":[{"start":{"line":109,"column":22},"end":{"line":109,"column":34}},{"start":{"line":109,"column":37},"end":{"line":109,"column":61}}],"line":109},"13":{"loc":{"start":{"line":124,"column":31},"end":{"line":124,"column":37}},"type":"default-arg","locations":[{"start":{"line":124,"column":35},"end":{"line":124,"column":37}}],"line":124},"14":{"loc":{"start":{"line":127,"column":12},"end":{"line":127,"column":55}},"type":"cond-expr","locations":[{"start":{"line":127,"column":18},"end":{"line":127,"column":30}},{"start":{"line":127,"column":31},"end":{"line":127,"column":55}}],"line":127},"15":{"loc":{"start":{"line":132,"column":4},"end":{"line":132,"column":48}},"type":"if","locations":[{"start":{"line":132,"column":4},"end":{"line":132,"column":48}},{"start":{"line":132,"column":4},"end":{"line":132,"column":48}}],"line":132},"16":{"loc":{"start":{"line":135,"column":4},"end":{"line":138,"column":5}},"type":"if","locations":[{"start":{"line":135,"column":4},"end":{"line":138,"column":5}},{"start":{"line":135,"column":4},"end":{"line":138,"column":5}}],"line":135},"17":{"loc":{"start":{"line":135,"column":7},"end":{"line":135,"column":52}},"type":"binary-expr","locations":[{"start":{"line":135,"column":7},"end":{"line":135,"column":27}},{"start":{"line":135,"column":31},"end":{"line":135,"column":52}}],"line":135},"18":{"loc":{"start":{"line":148,"column":21},"end":{"line":148,"column":61}},"type":"cond-expr","locations":[{"start":{"line":148,"column":44},"end":{"line":148,"column":45}},{"start":{"line":148,"column":48},"end":{"line":148,"column":61}}],"line":148},"19":{"loc":{"start":{"line":160,"column":6},"end":{"line":170,"column":7}},"type":"if","locations":[{"start":{"line":160,"column":6},"end":{"line":170,"column":7}},{"start":{"line":160,"column":6},"end":{"line":170,"column":7}}],"line":160},"20":{"loc":{"start":{"line":160,"column":9},"end":{"line":160,"column":74}},"type":"binary-expr","locations":[{"start":{"line":160,"column":9},"end":{"line":160,"column":50}},{"start":{"line":160,"column":54},"end":{"line":160,"column":74}}],"line":160},"21":{"loc":{"start":{"line":162,"column":8},"end":{"line":163,"column":24}},"type":"if","locations":[{"start":{"line":162,"column":8},"end":{"line":163,"column":24}},{"start":{"line":162,"column":8},"end":{"line":163,"column":24}}],"line":162},"22":{"loc":{"start":{"line":209,"column":4},"end":{"line":211,"column":5}},"type":"if","locations":[{"start":{"line":209,"column":4},"end":{"line":211,"column":5}},{"start":{"line":209,"column":4},"end":{"line":211,"column":5}}],"line":209},"23":{"loc":{"start":{"line":216,"column":4},"end":{"line":221,"column":5}},"type":"if","locations":[{"start":{"line":216,"column":4},"end":{"line":221,"column":5}},{"start":{"line":216,"column":4},"end":{"line":221,"column":5}}],"line":216},"24":{"loc":{"start":{"line":216,"column":7},"end":{"line":216,"column":143}},"type":"binary-expr","locations":[{"start":{"line":216,"column":7},"end":{"line":216,"column":19}},{"start":{"line":216,"column":24},"end":{"line":216,"column":51}},{"start":{"line":216,"column":56},"end":{"line":216,"column":80}},{"start":{"line":216,"column":84},"end":{"line":216,"column":141}}],"line":216},"25":{"loc":{"start":{"line":225,"column":4},"end":{"line":235,"column":5}},"type":"if","locations":[{"start":{"line":225,"column":4},"end":{"line":235,"column":5}},{"start":{"line":225,"column":4},"end":{"line":235,"column":5}}],"line":225},"26":{"loc":{"start":{"line":227,"column":6},"end":{"line":227,"column":21}},"type":"if","locations":[{"start":{"line":227,"column":6},"end":{"line":227,"column":21}},{"start":{"line":227,"column":6},"end":{"line":227,"column":21}}],"line":227},"27":{"loc":{"start":{"line":233,"column":18},"end":{"line":233,"column":55}},"type":"binary-expr","locations":[{"start":{"line":233,"column":18},"end":{"line":233,"column":31}},{"start":{"line":233,"column":35},"end":{"line":233,"column":55}}],"line":233}},"s":{"0":4,"1":4,"2":4,"3":4,"4":4,"5":4,"6":4,"7":4,"8":4,"9":4,"10":4,"11":4,"12":4,"13":4,"14":2,"15":2,"16":2,"17":2,"18":2,"19":2,"20":2,"21":0,"22":0,"23":0,"24":0,"25":0,"26":0,"27":0,"28":3,"29":0,"30":3,"31":3,"32":3,"33":3,"34":1,"35":1,"36":1,"37":2,"38":1,"39":0,"40":1,"41":1,"42":1,"43":1,"44":1,"45":1,"46":1,"47":1,"48":1,"49":0,"50":1,"51":1,"52":0,"53":0,"54":0,"55":0,"56":0,"57":0,"58":0,"59":0,"60":0,"61":0,"62":0,"63":0,"64":2,"65":2,"66":2,"67":2,"68":2,"69":2,"70":2,"71":2,"72":1,"73":2,"74":0,"75":0,"76":2,"77":2,"78":2,"79":2,"80":2,"81":2,"82":2,"83":0,"84":0,"85":0,"86":0,"87":0,"88":0,"89":0,"90":0,"91":0,"92":0,"93":0,"94":0,"95":1,"96":1,"97":1,"98":2,"99":2,"100":2,"101":2,"102":2,"103":6,"104":6,"105":6,"106":0,"107":16,"108":1,"109":0,"110":0,"111":4,"112":4,"113":4,"114":4,"115":0,"116":0,"117":0,"118":0,"119":20,"120":20,"121":20},"f":{"0":4,"1":2,"2":2,"3":0,"4":0,"5":3,"6":0,"7":2,"8":2,"9":0,"10":0,"11":1,"12":2,"13":2,"14":6,"15":0,"16":6,"17":16,"18":0,"19":4,"20":0,"21":20},"b":{"0":[0,3],"1":[1,2],"2":[1,0],"3":[1,1],"4":[0,1],"5":[1,0],"6":[1,0],"7":[1,1],"8":[1,0],"9":[0,1],"10":[0,0],"11":[0,0],"12":[0,0],"13":[1],"14":[1,1],"15":[1,1],"16":[0,2],"17":[2,2],"18":[2,0],"19":[0,0],"20":[0,0],"21":[0,0],"22":[1,15],"23":[0,0],"24":[0,0,0,0],"25":[4,0],"26":[4,0],"27":[0,0]},"_coverageSchema":"43e27e138ebf9cfc5966b082cf9a028302ed4184","hash":"a478e33f8361c669dbe124f4e18c8cf2b17881cf"}
,"D:\\Project\\github\\react-valine\\src\\input\\button-components\\ButtonComponent.js": {"path":"D:\\Project\\github\\react-valine\\src\\input\\button-components\\ButtonComponent.js","statementMap":{"0":{"start":{"line":9,"column":67},"end":{"line":9,"column":77}},"1":{"start":{"line":10,"column":4},"end":{"line":16,"column":6}}},"fnMap":{"0":{"name":"(anonymous_0)","decl":{"start":{"line":8,"column":2},"end":{"line":8,"column":3}},"loc":{"start":{"line":8,"column":11},"end":{"line":17,"column":3}},"line":8}},"branchMap":{},"s":{"0":6,"1":6},"f":{"0":6},"b":{},"_coverageSchema":"43e27e138ebf9cfc5966b082cf9a028302ed4184","hash":"4280ba5f84033a70320e4a70b5980b9894beeb72"}
[...]
olumn":36}},"24":{"start":{"line":30,"column":4},"end":{"line":30,"column":65}},"25":{"start":{"line":36,"column":22},"end":{"line":36,"column":40}},"26":{"start":{"line":37,"column":4},"end":{"line":39,"column":5}},"27":{"start":{"line":38,"column":6},"end":{"line":38,"column":38}},"28":{"start":{"line":40,"column":4},"end":{"line":40,"column":23}},"29":{"start":{"line":42,"column":13},"end":{"line":42,"column":44}},"30":{"start":{"line":43,"column":15},"end":{"line":43,"column":51}},"31":{"start":{"line":44,"column":14},"end":{"line":44,"column":49}},"32":{"start":{"line":45,"column":2},"end":{"line":45,"column":38}}},"fnMap":{"0":{"name":"timeAgo","decl":{"start":{"line":1,"column":24},"end":{"line":1,"column":31}},"loc":{"start":{"line":1,"column":48},"end":{"line":32,"column":1}},"line":1},"1":{"name":"dateFormat","decl":{"start":{"line":34,"column":9},"end":{"line":34,"column":19}},"loc":{"start":{"line":34,"column":26},"end":{"line":46,"column":1}},"line":34},"2":{"name":"padWithZeros","decl":{"start":{"line":35,"column":11},"end":{"line":35,"column":23}},"loc":{"start":{"line":35,"column":39},"end":{"line":41,"column":3}},"line":35}},"branchMap":{"0":{"loc":{"start":{"line":7,"column":4},"end":{"line":24,"column":5}},"type":"if","locations":[{"start":{"line":7,"column":4},"end":{"line":24,"column":5}},{"start":{"line":7,"column":4},"end":{"line":24,"column":5}}],"line":7},"1":{"loc":{"start":{"line":11,"column":6},"end":{"line":22,"column":7}},"type":"if","locations":[{"start":{"line":11,"column":6},"end":{"line":22,"column":7}},{"start":{"line":11,"column":6},"end":{"line":22,"column":7}}],"line":11},"2":{"loc":{"start":{"line":15,"column":8},"end":{"line":20,"column":9}},"type":"if","locations":[{"start":{"line":15,"column":8},"end":{"line":20,"column":9}},{"start":{"line":15,"column":8},"end":{"line":20,"column":9}}],"line":15},"3":{"loc":{"start":{"line":25,"column":4},"end":{"line":28,"column":36}},"type":"if","locations":[{"start":{"line":25,"column":4},"end":{"line":28,"column":36}},{"start":{"line":25,"column":4},"end":{"line":28,"column":36}}],"line":25},"4":{"loc":{"start":{"line":26,"column":9},"end":{"line":28,"column":36}},"type":"if","locations":[{"start":{"line":26,"column":9},"end":{"line":28,"column":36}},{"start":{"line":26,"column":9},"end":{"line":28,"column":36}}],"line":26},"5":{"loc":{"start":{"line":27,"column":9},"end":{"line":28,"column":36}},"type":"if","locations":[{"start":{"line":27,"column":9},"end":{"line":28,"column":36}},{"start":{"line":27,"column":9},"end":{"line":28,"column":36}}],"line":27}},"s":{"0":12,"1":12,"2":12,"3":12,"4":12,"5":12,"6":0,"7":0,"8":0,"9":0,"10":0,"11":0,"12":0,"13":0,"14":0,"15":0,"16":0,"17":12,"18":0,"19":12,"20":12,"21":0,"22":0,"23":0,"24":0,"25":0,"26":0,"27":0,"28":0,"29":0,"30":0,"31":0,"32":0},"f":{"0":12,"1":0,"2":0},"b":{"0":[0,12],"1":[0,0],"2":[0,0],"3":[0,12],"4":[12,0],"5":[0,0]},"_coverageSchema":"43e27e138ebf9cfc5966b082cf9a028302ed4184","hash":"b53a0dee3c5705cad280f2f91549ea62aec5313f"}
,"D:\\Project\\github\\react-valine\\src\\utils\\verify.js": {"path":"D:\\Project\\github\\react-valine\\src\\utils\\verify.js","statementMap":{"0":{"start":{"line":2,"column":2},"end":{"line":2,"column":171}},"1":{"start":{"line":5,"column":2},"end":{"line":5,"column":112}},"2":{"start":{"line":9,"column":8},"end":{"line":9,"column":43}},"3":{"start":{"line":10,"column":2},"end":{"line":10,"column":20}},"4":{"start":{"line":10,"column":8},"end":{"line":10,"column":20}},"5":{"start":{"line":11,"column":2},"end":{"line":11,"column":18}}},"fnMap":{"0":{"name":"emailVerify","decl":{"start":{"line":1,"column":9},"end":{"line":1,"column":20}},"loc":{"start":{"line":1,"column":27},"end":{"line":3,"column":1}},"line":1},"1":{"name":"linkVerify","decl":{"start":{"line":4,"column":9},"end":{"line":4,"column":19}},"loc":{"start":{"line":4,"column":25},"end":{"line":6,"column":1}},"line":4},"2":{"name":"contentAtVerify","decl":{"start":{"line":8,"column":9},"end":{"line":8,"column":24}},"loc":{"start":{"line":8,"column":36},"end":{"line":12,"column":1}},"line":8}},"branchMap":{"0":{"loc":{"start":{"line":10,"column":2},"end":{"line":10,"column":20}},"type":"if","locations":[{"start":{"line":10,"column":2},"end":{"line":10,"column":20}},{"start":{"line":10,"column":2},"end":{"line":10,"column":20}}],"line":10}},"s":{"0":3,"1":2,"2":0,"3":0,"4":0,"5":0},"f":{"0":3,"1":2,"2":0},"b":{"0":[0,0]},"_coverageSchema":"43e27e138ebf9cfc5966b082cf9a028302ed4184","hash":"14179b39d37d64e5f4f7a572d61493c4cd002cdb"}
,"D:\\Project\\github\\react-valine\\src\\utils\\xssFilter.js": {"path":"D:\\Project\\github\\react-valine\\src\\utils\\xssFilter.js","statementMap":{"0":{"start":{"line":5,"column":16},"end":{"line":32,"column":1}},"1":{"start":{"line":6,"column":11},"end":{"line":6,"column":40}},"2":{"start":{"line":7,"column":2},"end":{"line":7,"column":47}},"3":{"start":{"line":8,"column":15},"end":{"line":8,"column":41}},"4":{"start":{"line":10,"column":20},"end":{"line":10,"column":119}},"5":{"start":{"line":11,"column":21},"end":{"line":14,"column":3}},"6":{"start":{"line":12,"column":14},"end":{"line":12,"column":33}},"7":{"start":{"line":13,"column":4},"end":{"line":13,"column":71}},"8":{"start":{"line":13,"column":11},"end":{"line":13,"column":71}},"9":{"start":{"line":15,"column":2},"end":{"line":28,"column":4}},"10":{"start":{"line":16,"column":4},"end":{"line":16,"column":33}},"11":{"start":{"line":16,"column":26},"end":{"line":16,"column":33}},"12":{"start":{"line":17,"column":4},"end":{"line":23,"column":5}},"13":{"start":{"line":18,"column":6},"end":{"line":22,"column":7}},"14":{"start":{"line":19,"column":8},"end":{"line":19,"column":40}},"15":{"start":{"line":21,"column":8},"end":{"line":21,"column":35}},"16":{"start":{"line":24,"column":4},"end":{"line":26,"column":5}},"17":{"start":{"line":25,"column":6},"end":{"line":25,"column":29}},"18":{"start":{"line":27,"column":4},"end":{"line":27,"column":16}},"19":{"start":{"line":29,"column":10},"end":{"line":29,"column":24}},"20":{"start":{"line":30,"column":2},"end":{"line":30,"column":11}},"21":{"start":{"line":31,"column":2},"end":{"line":31,"column":12}},"22":{"start":{"line":34,"column":2},"end":{"line":36,"column":3}},"23":{"start":{"line":35,"column":4},"end":{"line":35,"column":10}},"24":{"start":{"line":37,"column":2},"end":{"line":50,"column":3}},"25":{"start":{"line":38,"column":4},"end":{"line":41,"column":5}},"26":{"start":{"line":38,"column":20},"end":{"line":38,"column":45}},"27":{"start":{"line":40,"column":6},"end":{"line":40,"column":34}},"28":{"start":{"line":43,"column":4},"end":{"line":49,"column":5}},"29":{"start":{"line":44,"column":6},"end":{"line":46,"column":7}},"30":{"start":{"line":45,"column":8},"end":{"line":45,"column":35}},"31":{"start":{"line":48,"column":6},"end":{"line":48,"column":35}},"32":{"start":{"line":54,"column":14},"end":{"line":54,"column":27}},"33":{"start":{"line":55,"column":20},"end":{"line":55,"column":124}},"34":{"start":{"line":56,"column":2},"end":{"line":79,"column":3}},"35":{"start":{"line":57,"column":15},"end":{"line":57,"column":24}},"36":{"start":{"line":58,"column":4},"end":{"line":76,"column":5}},"37":{"start":{"line":60,"column":20},"end":{"line":60,"column":30}},"38":{"start":{"line":61,"column":8},"end":{"line":68,"column":10}},"39":{"start":{"line":62,"column":10},"end":{"line":67,"column":11}},"40":{"start":{"line":63,"column":12},"end":{"line":63,"column":36}},"41":{"start":{"line":64,"column":12},"end":{"line":64,"column":24}},"42":{"start":{"line":66,"column":12},"end":{"line":66,"column":39}},"43":{"start":{"line":69,"column":8},"end":{"line":69,"column":14}},"44":{"start":{"line":71,"column":8},"end":{"line":71,"column":48}},"45":{"start":{"line":71,"column":36},"end":{"line":71,"column":48}},"46":{"start":{"line":72,"column":8},"end":{"line":72,"column":14}},"47":{"start":{"line":74,"column":8},"end":{"line":74,"column":14}},"48":{"start":{"line":77,"column":4},"end":{"line":77,"column":61}},"49":{"start":{"line":77,"column":37},"end":{"line":77,"column":61}},"50":{"start":{"line":80,"column":2},"end":{"line":80,"column":11}}},"fnMap":{"0":{"name":"(anonymous_0)","decl":{"start":{"line":5,"column":16},"end":{"line":5,"column":17}},"loc":{"start":{"line":5,"column":29},"end":{"line":32,"column":1}},"line":5},"1":{"name":"(anonymous_1)","decl":{"start":{"line":11,"column":21},"end":{"line":11,"column":22}},"loc":{"start":{"line":11,"column":40},"end":{"line":14,"column":3}},"line":11},"2":{"name":"(anonymous_2)","decl":{"start":{"line":15,"column":19},"end":{"line":15,"column":20}},"loc":{"start":{"line":15,"column":22},"end":{"line":28,"column":3}},"line":15},"3":{"name":"attr","decl":{"start":{"line":33,"column":9},"end":{"line":33,"column":13}},"loc":{"start":{"line":33,"column":29},"end":{"line":51,"column":1}},"line":33},"4":{"name":"clearAttr","decl":{"start":{"line":53,"column":9},"end":{"line":53,"column":18}},"loc":{"start":{"line":53,"column":23},"end":{"line":81,"column":1}},"line":53},"5":{"name":"(anonymous_5)","decl":{"start":{"line":61,"column":33},"end":{"line":61,"column":34}},"loc":{"start":{"line":61,"column":48},"end":{"line":68,"column":9}},"line":61}},"branchMap":{"0":{"loc":{"start":{"line":13,"column":4},"end":{"line":13,"column":71}},"type":"if","locations":[{"start":{"line":13,"column":4},"end":{"line":13,"column":71}},{"start":{"line":13,"column":4},"end":{"line":13,"column":71}}],"line":13},"1":{"loc":{"start":{"line":16,"column":4},"end":{"line":16,"column":33}},"type":"if","locations":[{"start":{"line":16,"column":4},"end":{"line":16,"column":33}},{"start":{"line":16,"column":4},"end":{"line":16,"column":33}}],"line":16},"2":{"loc":{"start":{"line":17,"column":4},"end":{"line":23,"column":5}},"type":"if","locations":[{"start":{"line":17,"column":4},"end":{"line":23,"column":5}},{"start":{"line":17,"column":4},"end":{"line":23,"column":5}}],"line":17},"3":{"loc":{"start":{"line":18,"column":6},"end":{"line":22,"column":7}},"type":"if","locations":[{"start":{"line":18,"column":6},"end":{"line":22,"column":7}},{"start":{"line":18,"column":6},"end":{"line":22,"column":7}}],"line":18},"4":{"loc":{"start":{"line":18,"column":10},"end":{"line":18,"column":66}},"type":"binary-expr","locations":[{"start":{"line":18,"column":10},"end":{"line":18,"column":32}},{"start":{"line":18,"column":36},"end":{"line":18,"column":66}}],"line":18},"5":{"loc":{"start":{"line":24,"column":4},"end":{"line":26,"column":5}},"type":"if","locations":[{"start":{"line":24,"column":4},"end":{"line":26,"column":5}},{"start":{"line":24,"column":4},"end":{"line":26,"column":5}}],"line":24},"6":{"loc":{"start":{"line":34,"column":2},"end":{"line":36,"column":3}},"type":"if","locations":[{"start":{"line":34,"column":2},"end":{"line":36,"column":3}},{"start":{"line":34,"column":2},"end":{"line":36,"column":3}}],"line":34},"7":{"loc":{"start":{"line":37,"column":2},"end":{"line":50,"column":3}},"type":"if","locations":[{"start":{"line":37,"column":2},"end":{"line":50,"column":3}},{"start":{"line":37,"column":2},"end":{"line":50,"column":3}}],"line":37},"8":{"loc":{"start":{"line":38,"column":4},"end":{"line":41,"column":5}},"type":"if","locations":[{"start":{"line":38,"column":4},"end":{"line":41,"column":5}},{"start":{"line":38,"column":4},"end":{"line":41,"column":5}}],"line":38},"9":{"loc":{"start":{"line":43,"column":4},"end":{"line":49,"column":5}},"type":"if","locations":[{"start":{"line":43,"column":4},"end":{"line":49,"column":5}},{"start":{"line":43,"column":4},"end":{"line":49,"column":5}}],"line":43},"10":{"loc":{"start":{"line":58,"column":4},"end":{"line":76,"column":5}},"type":"switch","locations":[{"start":{"line":59,"column":6},"end":{"line":69,"column":14}},{"start":{"line":70,"column":6},"end":{"line":72,"column":14}},{"start":{"line":73,"column":6},"end":{"line":74,"column":14}}],"line":58},"11":{"loc":{"start":{"line":62,"column":10},"end":{"line":67,"column":11}},"type":"if","locations":[{"start":{"line":62,"column":10},"end":{"line":67,"column":11}},{"start":{"line":62,"column":10},"end":{"line":67,"column":11}}],"line":62},"12":{"loc":{"start":{"line":71,"column":8},"end":{"line":71,"column":48}},"type":"if","locations":[{"start":{"line":71,"column":8},"end":{"line":71,"column":48}},{"start":{"line":71,"column":8},"end":{"line":71,"column":48}}],"line":71},"13":{"loc":{"start":{"line":77,"column":4},"end":{"line":77,"column":61}},"type":"if","locations":[{"start":{"line":77,"column":4},"end":{"line":77,"column":61}},{"start":{"line":77,"column":4},"end":{"line":77,"column":61}}],"line":77}},"s":{"0":5,"1":19,"2":19,"3":19,"4":19,"5":19,"6":3,"7":3,"8":3,"9":19,"10":22,"11":0,"12":22,"13":0,"14":0,"15":0,"16":22,"17":3,"18":22,"19":19,"20":19,"21":19,"22":6,"23":0,"24":6,"25":3,"26":0,"27":3,"28":3,"29":0,"30":0,"31":3,"32":22,"33":22,"34":22,"35":6,"36":6,"37":0,"38":0,"39":0,"40":0,"41":0,"42":0,"43":0,"44":3,"45":0,"46":3,"47":3,"48":6,"49":0,"50":22},"f":{"0":19,"1":3,"2":22,"3":6,"4":22,"5":0},"b":{"0":[3,0],"1":[0,22],"2":[0,22],"3":[0,0],"4":[0,0],"5":[3,19],"6":[0,6],"7":[3,3],"8":[0,3],"9":[0,3],"10":[0,3,3],"11":[0,0],"12":[0,3],"13":[0,6]},"_coverageSchema":"43e27e138ebf9cfc5966b082cf9a028302ed4184","hash":"d96aea0bfe05a29e63d1983b9f8d80fb567b8ab6"}
,"D:\\Project\\github\\react-valine\\src\\utils\\xssMarkdown.js": {"path":"D:\\Project\\github\\react-valine\\src\\utils\\xssMarkdown.js","statementMap":{"0":{"start":{"line":4,"column":15},"end":{"line":4,"column":32}},"1":{"start":{"line":6,"column":13},"end":{"line":6,"column":50}},"2":{"start":{"line":7,"column":19},"end":{"line":7,"column":67}},"3":{"start":{"line":8,"column":13},"end":{"line":8,"column":55}},"4":{"start":{"line":10,"column":0},"end":{"line":10,"column":48}},"5":{"start":{"line":11,"column":0},"end":{"line":11,"column":36}},"6":{"start":{"line":15,"column":2},"end":{"line":27,"column":5}},"7":{"start":{"line":17,"column":6},"end":{"line":24,"column":7}},"8":{"start":{"line":18,"column":8},"end":{"line":23,"column":9}},"9":{"start":{"line":19,"column":10},"end":{"line":21,"column":28}},"10":{"start":{"line":25,"column":6},"end":{"line":25,"column":72}},"11":{"start":{"line":28,"column":2},"end":{"line":30,"column":3}},"12":{"start":{"line":29,"column":4},"end":{"line":29,"column":24}},"13":{"start":{"line":32,"column":13},"end":{"line":32,"column":31}},"14":{"start":{"line":37,"column":2},"end":{"line":37,"column":39}},"15":{"start":{"line":38,"column":12},"end":{"line":38,"column":24}},"16":{"start":{"line":39,"column":2},"end":{"line":42,"column":3}},"17":{"start":{"line":40,"column":4},"end":{"line":40,"column":14}},"18":{"start":{"line":41,"column":4},"end":{"line":41,"column":77}},"19":{"start":{"line":43,"column":2},"end":{"line":43,"column":30}},"20":{"start":{"line":47,"column":2},"end":{"line":47,"column":37}}},"fnMap":{"0":{"name":"createMarked","decl":{"start":{"line":14,"column":9},"end":{"line":14,"column":21}},"loc":{"start":{"line":14,"column":27},"end":{"line":31,"column":1}},"line":14},"1":{"name":"(anonymous_1)","decl":{"start":{"line":16,"column":15},"end":{"line":16,"column":16}},"loc":{"start":{"line":16,"column":35},"end":{"line":26,"column":5}},"line":16},"2":{"name":"(anonymous_2)","decl":{"start":{"line":28,"column":9},"end":{"line":28,"column":10}},"loc":{"start":{"line":28,"column":18},"end":{"line":30,"column":3}},"line":28},"3":{"name":"modify_hljs","decl":{"start":{"line":36,"column":9},"end":{"line":36,"column":20}},"loc":{"start":{"line":36,"column":32},"end":{"line":44,"column":1}},"line":36},"4":{"name":"xssMarkdown","decl":{"start":{"line":46,"column":9},"end":{"line":46,"column":20}},"loc":{"start":{"line":46,"column":29},"end":{"line":48,"column":1}},"line":46}},"branchMap":{"0":{"loc":{"start":{"line":17,"column":6},"end":{"line":24,"column":7}},"type":"if","locations":[{"start":{"line":17,"column":6},"end":{"line":24,"column":7}},{"start":{"line":17,"column":6},"end":{"line":24,"column":7}}],"line":17},"1":{"loc":{"start":{"line":17,"column":10},"end":{"line":17,"column":40}},"type":"binary-expr","locations":[{"start":{"line":17,"column":10},"end":{"line":17,"column":14}},{"start":{"line":17,"column":18},"end":{"line":17,"column":40}}],"line":17},"2":{"loc":{"start":{"line":39,"column":2},"end":{"line":42,"column":3}},"type":"if","locations":[{"start":{"line":39,"column":2},"end":{"line":42,"column":3}},{"start":{"line":39,"column":2},"end":{"line":42,"column":3}}],"line":39}},"s":{"0":5,"1":5,"2":5,"3":5,"4":5,"5":5,"6":5,"7":0,"8":0,"9":0,"10":0,"11":5,"12":19,"13":5,"14":0,"15":0,"16":0,"17":0,"18":0,"19":0,"20":19},"f":{"0":5,"1":0,"2":19,"3":0,"4":19},"b":{"0":[0,0],"1":[0,0],"2":[0,0]},"_coverageSchema":"43e27e138ebf9cfc5966b082cf9a028302ed4184","hash":"9504ad0efd7dc152c2b1486c93fdb378af24adc3"}
,"D:\\Project\\github\\react-valine\\src\\utils\\emojiTire\\emojiTire.js": {"path":"D:\\Project\\github\\react-valine\\src\\utils\\emojiTire\\emojiTire.js","statementMap":{"0":{"start":{"line":3,"column":15},"end":{"line":3,"column":17}},"1":{"start":{"line":4,"column":0},"end":{"line":8,"column":1}},"2":{"start":{"line":5,"column":2},"end":{"line":7,"column":3}},"3":{"start":{"line":6,"column":4},"end":{"line":6,"column":22}},"4":{"start":{"line":11,"column":10},"end":{"line":11,"column":12}},"5":{"start":{"line":12,"column":2},"end":{"line":17,"column":3}},"6":{"start":{"line":13,"column":4},"end":{"line":16,"column":5}},"7":{"start":{"line":14,"column":6},"end":{"line":14,"column":20}},"8":{"start":{"line":15,"column":6},"end":{"line":15,"column":36}},"9":{"start":{"line":15,"column":26},"end":{"line":15,"column":36}},"10":{"start":{"line":18,"column":2},"end":{"line":18,"column":12}}},"fnMap":{"0":{"name":"emojiSearch","decl":{"start":{"line":10,"column":16},"end":{"line":10,"column":27}},"loc":{"start":{"line":10,"column":38},"end":{"line":19,"column":1}},"line":10}},"branchMap":{"0":{"loc":{"start":{"line":5,"column":2},"end":{"line":7,"column":3}},"type":"if","locations":[{"start":{"line":5,"column":2},"end":{"line":7,"column":3}},{"start":{"line":5,"column":2},"end":{"line":7,"column":3}}],"line":5},"1":{"loc":{"start":{"line":13,"column":4},"end":{"line":16,"column":5}},"type":"if","locations":[{"start":{"line":13,"column":4},"end":{"line":16,"column":5}},{"start":{"line":13,"column":4},"end":{"line":16,"column":5}}],"line":13},"2":{"loc":{"start":{"line":15,"column":6},"end":{"line":15,"column":36}},"type":"if","locations":[{"start":{"line":15,"column":6},"end":{"line":15,"column":36}},{"start":{"line":15,"column":6},"end":{"line":15,"column":36}}],"line":15}},"s":{"0":5,"1":5,"2":890,"3":890,"4":0,"5":0,"6":0,"7":0,"8":0,"9":0,"10":0},"f":{"0":0},"b":{"0":[890,0],"1":[0,0],"2":[0,0]},"_coverageSchema":"43e27e138ebf9cfc5966b082cf9a028302ed4184","hash":"4cbd0f6163ec9235e384abe2c1507a0e848ef711"}
,"D:\\Project\\github\\react-valine\\src\\utils\\emojiTire\\index.js": {"path":"D:\\Project\\github\\react-valine\\src\\utils\\emojiTire\\index.js","statementMap":{"0":{"start":{"line":6,"column":2},"end":{"line":6,"column":27}},"1":{"start":{"line":6,"column":18},"end":{"line":6,"column":27}},"2":{"start":{"line":7,"column":2},"end":{"line":7,"column":32}}},"fnMap":{"0":{"name":"getWordList","decl":{"start":{"line":5,"column":24},"end":{"line":5,"column":35}},"loc":{"start":{"line":5,"column":49},"end":{"line":9,"column":1}},"line":5}},"branchMap":{"0":{"loc":{"start":{"line":5,"column":43},"end":{"line":5,"column":48}},"type":"default-arg","locations":[{"start":{"line":5,"column":47},"end":{"line":5,"column":48}}],"line":5},"1":{"loc":{"start":{"line":6,"column":2},"end":{"line":6,"column":27}},"type":"if","locations":[{"start":{"line":6,"column":2},"end":{"line":6,"column":27}},{"start":{"line":6,"column":2},"end":{"line":6,"column":27}}],"line":6}},"s":{"0":1,"1":1,"2":0},"f":{"0":1},"b":{"0":[1],"1":[1,0]},"_coverageSchema":"43e27e138ebf9cfc5966b082cf9a028302ed4184","hash":"8df9f86b6e6045a4a3f57c3d577810cded328976"}
}
