TN:
SF:D:\Project\github\react-valine\src\Valine.js
FN:13,(anonymous_0)
FN:57,(anonymous_1)
FN:58,(anonymous_2)
FN:66,(anonymous_3)
FN:75,(anonymous_4)
FN:82,(anonymous_5)
FN:83,(anonymous_6)
FN:91,(anonymous_7)
FN:94,(anonymous_8)
FN:101,(anonymous_9)
FN:104,(anonymous_10)
FN:108,(anonymous_11)
FN:111,(anonymous_12)
FN:121,(anonymous_13)
FN:132,(anonymous_14)
FN:134,(anonymous_15)
FN:140,(anonymous_16)
FNF:17
FNH:9
FNDA:3,(anonymous_0)
FNDA:9,(anonymous_1)
FNDA:9,(anonymous_2)
FNDA:6,(anonymous_3)
FNDA:0,(anonymous_4)
FNDA:6,(anonymous_5)
FNDA:6,(anonymous_6)
FNDA:6,(anonymous_7)
FNDA:0,(anonymous_8)
FNDA:0,(anonymous_9)
FNDA:6,(anonymous_10)
FNDA:0,(anonymous_11)
FNDA:0,(anonymous_12)
FNDA:0,(anonymous_13)
FNDA:0,(anonymous_14)
FNDA:0,(anonymous_15)
FNDA:3,(anonymous_16)
DA:7,3
DA:9,3
DA:14,3
DA:15,3
DA:26,3
DA:27,0
DA:28,0
DA:29,0
DA:31,0
DA:32,0
DA:33,0
DA:34,0
DA:39,3
DA:40,3
DA:42,3
DA:43,3
DA:44,3
DA:45,3
DA:46,3
DA:47,3
DA:48,3
DA:49,0
DA:51,3
DA:58,9
DA:59,9
DA:60,3
DA:62,6
DA:63,6
DA:64,6
DA:67,6
DA:68,6
DA:70,6
DA:76,0
DA:77,0
DA:83,6
DA:84,6
DA:85,0
DA:87,6
DA:88,6
DA:89,6
DA:92,6
DA:93,0
DA:94,0
DA:96,6
DA:97,6
DA:98,6
DA:99,6
DA:100,6
DA:101,6
DA:102,0
DA:103,0
DA:105,6
DA:109,0
DA:110,0
DA:111,0
DA:113,0
DA:116,6
DA:122,0
DA:123,0
DA:124,0
DA:125,0
DA:126,0
DA:127,0
DA:128,0
DA:129,0
DA:130,0
DA:131,0
DA:132,0
DA:133,0
DA:135,0
DA:141,3
DA:142,3
DA:143,3
DA:152,3
DA:162,3
LF:75
LH:43
BRDA:26,0,0,0
BRDA:26,0,1,3
BRDA:28,1,0,0
BRDA:28,1,1,0
BRDA:32,2,0,0
BRDA:32,2,1,0
BRDA:33,3,0,0
BRDA:33,3,1,0
BRDA:39,4,0,0
BRDA:39,4,1,3
BRDA:40,5,0,0
BRDA:40,5,1,3
BRDA:48,6,0,0
BRDA:48,6,1,3
BRDA:59,7,0,3
BRDA:59,7,1,6
BRDA:84,8,0,0
BRDA:84,8,1,6
BRDA:92,9,0,0
BRDA:92,9,1,6
BRDA:96,10,0,0
BRDA:96,10,1,6
BRDA:109,11,0,0
BRDA:109,11,1,0
BRDA:121,12,0,0
BRF:25
BRH:9
end_of_record
TN:
SF:D:\Project\github\react-valine\src\ValineContainer.js
FN:23,(anonymous_0)
FN:58,(anonymous_1)
FN:73,(anonymous_2)
FN:88,(anonymous_3)
FN:90,(anonymous_4)
FN:97,(anonymous_5)
FN:102,(anonymous_6)
FN:111,(anonymous_7)
FN:125,(anonymous_8)
FN:136,(anonymous_9)
FN:146,(anonymous_10)
FN:147,(anonymous_11)
FN:152,(anonymous_12)
FN:160,(anonymous_13)
FN:165,(anonymous_14)
FN:166,(anonymous_15)
FN:179,(anonymous_16)
FN:180,(anonymous_17)
FN:189,(anonymous_18)
FN:211,(anonymous_19)
FN:224,(anonymous_20)
FN:231,(anonymous_21)
FN:233,(anonymous_22)
FN:241,(anonymous_23)
FN:251,(anonymous_24)
FN:259,(anonymous_25)
FN:262,(anonymous_26)
FN:273,(anonymous_27)
FN:278,(anonymous_28)
FN:285,(anonymous_29)
FN:289,(anonymous_30)
FN:295,(anonymous_31)
FN:308,(anonymous_32)
FN:323,(anonymous_33)
FN:327,(anonymous_34)
FN:332,(anonymous_35)
FN:344,(anonymous_36)
FN:356,(anonymous_37)
FN:361,(anonymous_38)
FN:370,(anonymous_39)
FN:371,(anonymous_40)
FN:389,(anonymous_41)
FN:398,(anonymous_42)
FN:404,(anonymous_43)
FN:409,(anonymous_44)
FN:414,(anonymous_45)
FNF:46
FNH:21
FNDA:3,(anonymous_0)
FNDA:3,(anonymous_1)
FNDA:0,(anonymous_2)
FNDA:0,(anonymous_3)
FNDA:0,(anonymous_4)
FNDA:0,(anonymous_5)
FNDA:0,(anonymous_6)
FNDA:0,(anonymous_7)
FNDA:0,(anonymous_8)
FNDA:0,(anonymous_9)
FNDA:2,(anonymous_10)
FNDA:2,(anonymous_11)
FNDA:6,(anonymous_12)
FNDA:6,(anonymous_13)
FNDA:5,(anonymous_14)
FNDA:0,(anonymous_15)
FNDA:0,(anonymous_16)
FNDA:0,(anonymous_17)
FNDA:6,(anonymous_18)
FNDA:1,(anonymous_19)
FNDA:0,(anonymous_20)
FNDA:1,(anonymous_21)
FNDA:1,(anonymous_22)
FNDA:0,(anonymous_23)
FNDA:0,(anonymous_24)
FNDA:0,(anonymous_25)
FNDA:0,(anonymous_26)
FNDA:0,(anonymous_27)
FNDA:0,(anonymous_28)
FNDA:0,(anonymous_29)
FNDA:0,(anonymous_30)
FNDA:0,(anonymous_31)
FNDA:0,(anonymous_32)
FNDA:0,(anonymous_33)
FNDA:3,(anonymous_34)
FNDA:3,(anonymous_35)
FNDA:2,(anonymous_36)
FNDA:2,(anonymous_37)
FNDA:3,(anonymous_38)
FNDA:1,(anonymous_39)
FNDA:0,(anonymous_40)
FNDA:2,(anonymous_41)
FNDA:3,(anonymous_42)
FNDA:3,(anonymous_43)
FNDA:0,(anonymous_44)
FNDA:18,(anonymous_45)
DA:18,3
DA:24,3
DA:25,3
DA:38,3
DA:39,3
DA:40,3
DA:41,3
DA:42,3
DA:43,3
DA:44,3
DA:45,3
DA:46,3
DA:47,3
DA:48,3
DA:49,3
DA:52,3
DA:53,3
DA:54,3
DA:55,3
DA:59,3
DA:74,0
DA:76,0
DA:77,0
DA:79,0
DA:80,0
DA:81,0
DA:82,0
DA:83,0
DA:86,0
DA:87,0
DA:88,0
DA:89,0
DA:90,0
DA:91,0
DA:92,0
DA:95,0
DA:98,0
DA:99,0
DA:100,0
DA:101,0
DA:102,0
DA:103,0
DA:104,0
DA:111,0
DA:112,0
DA:113,0
DA:114,0
DA:116,0
DA:118,0
DA:126,0
DA:128,0
DA:130,0
DA:135,0
DA:137,0
DA:138,0
DA:147,2
DA:153,6
DA:154,30
DA:155,30
DA:159,6
DA:160,6
DA:161,6
DA:162,6
DA:163,5
DA:166,5
DA:167,0
DA:173,6
DA:175,0
DA:176,0
DA:180,0
DA:181,0
DA:190,6
DA:191,6
DA:192,6
DA:193,6
DA:194,5
DA:195,4
DA:196,3
DA:197,2
DA:198,0
DA:199,0
DA:200,0
DA:201,0
DA:203,0
DA:205,0
DA:206,0
DA:207,6
DA:212,1
DA:213,1
DA:214,1
DA:215,1
DA:216,1
DA:217,1
DA:218,1
DA:219,1
DA:220,1
DA:222,1
DA:223,1
DA:224,0
DA:225,0
DA:228,1
DA:231,1
DA:234,1
DA:242,0
DA:243,0
DA:244,0
DA:252,0
DA:253,0
DA:255,0
DA:260,0
DA:261,0
DA:262,0
DA:263,0
DA:264,0
DA:265,0
DA:267,0
DA:274,0
DA:279,0
DA:280,0
DA:281,0
DA:284,0
DA:285,0
DA:286,0
DA:289,0
DA:290,0
DA:296,0
DA:297,0
DA:298,0
DA:299,0
DA:300,0
DA:309,0
DA:310,0
DA:312,0
DA:313,0
DA:314,0
DA:315,0
DA:317,0
DA:323,0
DA:328,3
DA:329,3
DA:330,3
DA:331,3
DA:332,3
DA:333,3
DA:334,3
DA:335,1
DA:337,2
DA:338,2
DA:345,2
DA:346,2
DA:347,11
DA:348,11
DA:350,2
DA:356,2
DA:362,3
DA:363,1
DA:367,1
DA:368,1
DA:371,1
DA:372,0
DA:378,1
DA:380,2
DA:381,2
DA:382,2
DA:383,2
DA:384,5
DA:385,2
DA:387,0
DA:389,2
DA:399,3
DA:402,3
DA:403,3
DA:405,3
DA:408,0
DA:410,0
DA:421,18
DA:434,18
DA:435,18
LF:178
LH:90
BRDA:80,0,0,0
BRDA:80,0,1,0
BRDA:81,1,0,0
BRDA:81,1,1,0
BRDA:89,2,0,0
BRDA:89,2,1,0
BRDA:104,3,0,0
BRDA:104,3,1,0
BRDA:113,4,0,0
BRDA:113,4,1,0
BRDA:113,5,0,0
BRDA:113,5,1,0
BRDA:128,6,0,0
BRDA:128,6,1,0
BRDA:154,7,0,30
BRDA:154,7,1,0
BRDA:161,8,0,6
BRDA:161,8,1,0
BRDA:162,9,0,5
BRDA:162,9,1,1
BRDA:193,10,0,1
BRDA:193,10,1,5
BRDA:194,11,0,1
BRDA:194,11,1,4
BRDA:194,12,0,5
BRDA:194,12,1,5
BRDA:195,13,0,1
BRDA:195,13,1,3
BRDA:195,14,0,4
BRDA:195,14,1,4
BRDA:196,15,0,1
BRDA:196,15,1,2
BRDA:196,16,0,3
BRDA:196,16,1,3
BRDA:197,17,0,2
BRDA:197,17,1,0
BRDA:197,18,0,2
BRDA:197,18,1,2
BRDA:198,19,0,0
BRDA:198,19,1,0
BRDA:198,20,0,0
BRDA:198,20,1,0
BRDA:199,21,0,0
BRDA:199,21,1,0
BRDA:216,22,0,1
BRDA:216,22,1,1
BRDA:218,23,0,1
BRDA:218,23,1,1
BRDA:219,24,0,1
BRDA:219,24,1,0
BRDA:223,25,0,0
BRDA:223,25,1,1
BRDA:252,26,0,0
BRDA:252,26,1,0
BRDA:264,27,0,0
BRDA:264,27,1,0
BRDA:280,28,0,0
BRDA:280,28,1,0
BRDA:284,29,0,0
BRDA:284,29,1,0
BRDA:309,30,0,0
BRDA:309,30,1,0
BRDA:334,31,0,1
BRDA:334,31,1,2
BRDA:362,32,0,1
BRDA:362,32,1,2
BRDA:362,33,0,3
BRDA:362,33,1,2
BRDA:367,34,0,1
BRDA:367,34,1,0
BRDA:382,35,0,2
BRDA:382,35,1,0
BRDA:392,36,0,0
BRDA:392,36,1,2
BRDA:402,37,0,3
BRDA:402,37,1,0
BRDA:438,38,0,8
BRDA:438,38,1,10
BRF:78
BRH:39
end_of_record
TN:
SF:D:\Project\github\react-valine\src\ValineContext.js
FNF:0
FNH:0
DA:3,3
LF:1
LH:1
BRF:0
BRH:0
end_of_record
TN:
SF:D:\Project\github\react-valine\src\ValineCount.js
FN:10,(anonymous_0)
FN:13,(anonymous_1)
FNF:2
FNH:2
FNDA:3,(anonymous_0)
FNDA:3,(anonymous_1)
DA:11,3
DA:14,3
DA:15,3
DA:16,3
DA:32,3
LF:5
LH:5
BRF:0
BRH:0
end_of_record
TN:
SF:D:\Project\github\react-valine\src\ValineGetCount.js
FN:5,(anonymous_0)
FN:15,(anonymous_1)
FN:18,(anonymous_2)
FN:26,(anonymous_3)
FN:28,(anonymous_4)
FN:38,(anonymous_5)
FN:42,(anonymous_6)
FNF:7
FNH:6
FNDA:6,(anonymous_0)
FNDA:6,(anonymous_1)
FNDA:6,(anonymous_2)
FNDA:6,(anonymous_3)
FNDA:6,(anonymous_4)
FNDA:0,(anonymous_5)
FNDA:12,(anonymous_6)
DA:6,6
DA:7,6
DA:8,6
DA:12,6
DA:16,6
DA:17,6
DA:19,6
DA:20,6
DA:27,6
DA:29,6
DA:30,0
DA:31,0
DA:39,0
DA:43,12
DA:47,3
LF:15
LH:12
BRDA:9,0,0,6
BRDA:9,0,1,0
BRDA:19,1,0,6
BRDA:19,1,1,0
BRDA:29,2,0,6
BRDA:29,2,1,0
BRDA:30,3,0,0
BRDA:30,3,1,0
BRF:8
BRH:3
end_of_record
TN:
SF:D:\Project\github\react-valine\src\ValinePageview.js
FN:12,(anonymous_0)
FN:15,(anonymous_1)
FNF:2
FNH:2
FNDA:3,(anonymous_0)
FNDA:3,(anonymous_1)
DA:13,3
DA:16,3
DA:17,3
DA:18,3
DA:33,3
DA:37,3
LF:6
LH:6
BRF:0
BRH:0
end_of_record
TN:
SF:D:\Project\github\react-valine\src\ValinePanel.js
FN:8,(anonymous_0)
FN:17,(anonymous_1)
FN:20,(anonymous_2)
FNF:3
FNH:3
FNDA:3,(anonymous_0)
FNDA:3,(anonymous_1)
FNDA:3,(anonymous_2)
DA:9,3
DA:10,3
DA:18,3
DA:21,3
DA:22,3
DA:23,3
DA:31,3
LF:7
LH:7
BRF:0
BRH:0
end_of_record
TN:
SF:D:\Project\github\react-valine\src\react-valine.js
FNF:0
FNH:0
LF:0
LH:0
BRF:0
BRH:0
end_of_record
TN:
SF:D:\Project\github\react-valine\src\info\ErrorLog.js
FN:5,(anonymous_0)
FNF:1
FNH:1
FNDA:5,(anonymous_0)
DA:6,5
DA:7,5
DA:8,5
LF:3
LH:3
BRDA:7,0,0,5
BRDA:7,0,1,5
BRF:2
BRH:2
end_of_record
TN:
SF:D:\Project\github\react-valine\src\info\InfoComponent.js
FN:5,(anonymous_0)
FNF:1
FNH:1
FNDA:5,(anonymous_0)
DA:6,5
DA:7,5
LF:2
LH:2
BRF:0
BRH:0
end_of_record
TN:
SF:D:\Project\github\react-valine\src\input\EmojiPreviewComponent.js
FN:7,(anonymous_0)
FN:15,(anonymous_1)
FNF:2
FNH:2
FNDA:14,(anonymous_0)
FNDA:25,(anonymous_1)
DA:8,14
DA:9,14
DA:10,14
DA:16,25
LF:4
LH:4
BRDA:11,0,0,9
BRDA:11,0,1,5
BRDA:16,1,0,5
BRDA:16,1,1,20
BRF:4
BRH:4
end_of_record
TN:
SF:D:\Project\github\react-valine\src\input\InputContainer.js
FN:13,(anonymous_0)
FN:40,(anonymous_1)
FN:48,(anonymous_2)
FN:56,(anonymous_3)
FN:61,(anonymous_4)
FN:73,(anonymous_5)
FN:114,(anonymous_6)
FN:124,(anonymous_7)
FN:150,(anonymous_8)
FN:156,(anonymous_9)
FN:159,(anonymous_10)
FN:174,(anonymous_11)
FN:182,(anonymous_12)
FN:190,(anonymous_13)
FN:196,(anonymous_14)
FN:200,(anonymous_15)
FN:205,(anonymous_16)
FN:208,(anonymous_17)
FN:214,(anonymous_18)
FN:224,(anonymous_19)
FN:238,(anonymous_20)
FN:242,(anonymous_21)
FNF:22
FNH:14
FNDA:4,(anonymous_0)
FNDA:2,(anonymous_1)
FNDA:2,(anonymous_2)
FNDA:0,(anonymous_3)
FNDA:0,(anonymous_4)
FNDA:3,(anonymous_5)
FNDA:0,(anonymous_6)
FNDA:2,(anonymous_7)
FNDA:2,(anonymous_8)
FNDA:0,(anonymous_9)
FNDA:0,(anonymous_10)
FNDA:1,(anonymous_11)
FNDA:2,(anonymous_12)
FNDA:2,(anonymous_13)
FNDA:6,(anonymous_14)
FNDA:0,(anonymous_15)
FNDA:6,(anonymous_16)
FNDA:16,(anonymous_17)
FNDA:0,(anonymous_18)
FNDA:4,(anonymous_19)
FNDA:0,(anonymous_20)
FNDA:20,(anonymous_21)
DA:9,4
DA:14,4
DA:15,4
DA:26,4
DA:27,4
DA:28,4
DA:29,4
DA:30,4
DA:31,4
DA:32,4
DA:33,4
DA:34,4
DA:35,4
DA:37,4
DA:41,2
DA:43,2
DA:44,2
DA:49,2
DA:50,2
DA:51,2
DA:52,2
DA:57,0
DA:58,0
DA:59,0
DA:62,0
DA:63,0
DA:64,0
DA:65,0
DA:74,3
DA:75,3
DA:76,3
DA:77,3
DA:78,1
DA:79,1
DA:80,1
DA:85,2
DA:86,1
DA:87,0
DA:89,1
DA:90,1
DA:91,1
DA:92,1
DA:94,1
DA:95,1
DA:96,1
DA:97,1
DA:98,1
DA:99,1
DA:100,1
DA:104,0
DA:105,0
DA:106,0
DA:108,0
DA:109,0
DA:110,0
DA:111,0
DA:112,0
DA:115,0
DA:116,0
DA:117,0
DA:118,0
DA:125,2
DA:126,2
DA:127,2
DA:128,2
DA:129,2
DA:131,2
DA:132,2
DA:135,2
DA:136,0
DA:137,0
DA:140,2
DA:141,2
DA:142,2
DA:143,2
DA:144,2
DA:151,2
DA:152,2
DA:157,0
DA:158,0
DA:159,0
DA:160,0
DA:161,0
DA:162,0
DA:163,0
DA:164,0
DA:167,0
DA:169,0
DA:175,1
DA:176,1
DA:177,1
DA:183,2
DA:184,2
DA:185,2
DA:191,2
DA:192,2
DA:197,6
DA:198,6
DA:199,6
DA:201,0
DA:209,16
DA:210,1
DA:216,0
DA:217,0
DA:225,4
DA:226,4
DA:227,4
DA:228,0
DA:229,0
DA:236,0
DA:239,0
DA:253,20
DA:265,20
DA:267,20
LF:114
LH:75
BRDA:74,0,0,0
BRDA:74,0,1,3
BRDA:77,1,0,1
BRDA:77,1,1,2
BRDA:78,2,0,1
BRDA:78,2,1,0
BRDA:85,3,0,1
BRDA:85,3,1,1
BRDA:86,4,0,0
BRDA:86,4,1,1
BRDA:89,5,0,1
BRDA:89,5,1,0
BRDA:94,6,0,1
BRDA:94,6,1,0
BRDA:94,7,0,1
BRDA:94,7,1,1
BRDA:95,8,0,1
BRDA:95,8,1,0
BRDA:98,9,0,0
BRDA:98,9,1,1
BRDA:104,10,0,0
BRDA:104,10,1,0
BRDA:105,11,0,0
BRDA:105,11,1,0
BRDA:109,12,0,0
BRDA:109,12,1,0
BRDA:124,13,0,1
BRDA:127,14,0,1
BRDA:127,14,1,1
BRDA:132,15,0,1
BRDA:132,15,1,1
BRDA:135,16,0,0
BRDA:135,16,1,2
BRDA:135,17,0,2
BRDA:135,17,1,2
BRDA:148,18,0,2
BRDA:148,18,1,0
BRDA:160,19,0,0
BRDA:160,19,1,0
BRDA:160,20,0,0
BRDA:160,20,1,0
BRDA:162,21,0,0
BRDA:162,21,1,0
BRDA:209,22,0,1
BRDA:209,22,1,15
BRDA:216,23,0,0
BRDA:216,23,1,0
BRDA:216,24,0,0
BRDA:216,24,1,0
BRDA:216,24,2,0
BRDA:216,24,3,0
BRDA:225,25,0,4
BRDA:225,25,1,0
BRDA:227,26,0,4
BRDA:227,26,1,0
BRDA:233,27,0,0
BRDA:233,27,1,0
BRF:57
BRH:26
end_of_record
TN:
SF:D:\Project\github\react-valine\src\input\button-components\ButtonComponent.js
FN:8,(anonymous_0)
FNF:1
FNH:1
FNDA:6,(anonymous_0)
DA:9,6
DA:10,6
LF:2
LH:2
BRF:0
BRH:0
end_of_record
TN:
SF:D:\Project\github\react-valine\src\input\button-components\ButtonContainer.js
FN:10,(anonymous_0)
FN:21,(anonymous_1)
FN:22,(anonymous_2)
FN:27,(anonymous_3)
FN:37,(anonymous_4)
FN:41,(anonymous_5)
FN:48,(anonymous_6)
FN:51,(anonymous_7)
FN:54,(anonymous_8)
FN:59,(anonymous_9)
FNF:10
FNH:7
FNDA:4,(anonymous_0)
FNDA:2,(anonymous_1)
FNDA:2,(anonymous_2)
FNDA:7,(anonymous_3)
FNDA:0,(anonymous_4)
FNDA:0,(anonymous_5)
FNDA:4,(anonymous_6)
FNDA:0,(anonymous_7)
FNDA:12,(anonymous_8)
FNDA:16,(anonymous_9)
DA:11,4
DA:12,4
DA:16,4
DA:17,4
DA:18,4
DA:22,2
DA:28,7
DA:29,7
DA:30,7
DA:31,7
DA:32,2
DA:38,0
DA:39,0
DA:40,0
DA:41,0
DA:49,4
DA:52,0
DA:55,12
DA:56,7
DA:60,16
DA:68,16
DA:70,16
LF:22
LH:17
BRDA:31,0,0,5
BRDA:31,0,1,2
BRDA:38,1,0,0
BRDA:38,1,1,0
BRDA:40,2,0,0
BRDA:40,2,1,0
BRDA:40,3,0,0
BRDA:40,3,1,0
BRDA:40,3,2,0
BRDA:55,4,0,7
BRDA:55,4,1,5
BRF:11
BRH:4
end_of_record
TN:
SF:D:\Project\github\react-valine\src\input\button-components\ControlButton.js
FN:9,(anonymous_0)
FNF:1
FNH:1
FNDA:4,(anonymous_0)
DA:10,4
DA:11,4
LF:2
LH:2
BRF:0
BRH:0
end_of_record
TN:
SF:D:\Project\github\react-valine\src\input\button-components\control\MarkDownSupportInfo.js
FN:6,(anonymous_0)
FNF:1
FNH:1
FNDA:4,(anonymous_0)
DA:7,4
LF:1
LH:1
BRF:0
BRH:0
end_of_record
TN:
SF:D:\Project\github\react-valine\src\input\button-components\control\SubmitComponent.js
FN:6,(anonymous_0)
FNF:1
FNH:1
FNDA:4,(anonymous_0)
DA:7,4
DA:8,4
LF:2
LH:2
BRF:0
BRH:0
end_of_record
TN:
SF:D:\Project\github\react-valine\src\input\button-components\emoji\EmojiComponent.js
FN:5,(anonymous_0)
FNF:1
FNH:1
FNDA:4,(anonymous_0)
DA:6,4
DA:7,4
LF:2
LH:2
BRF:0
BRH:0
end_of_record
TN:
SF:D:\Project\github\react-valine\src\input\button-components\emoji\EmojiComponentShow.js
FN:6,(anonymous_0)
FN:12,(anonymous_1)
FNF:2
FNH:2
FNDA:6,(anonymous_0)
FNDA:178,(anonymous_1)
DA:2,4
DA:7,6
DA:8,6
DA:13,178
LF:4
LH:4
BRDA:9,0,0,1
BRDA:9,0,1,5
BRF:2
BRH:2
end_of_record
TN:
SF:D:\Project\github\react-valine\src\input\button-components\preview\PreviewComponent.js
FN:5,(anonymous_0)
FNF:1
FNH:1
FNDA:6,(anonymous_0)
DA:6,6
DA:7,6
LF:2
LH:2
BRDA:10,0,0,4
BRDA:10,0,1,2
BRF:2
BRH:2
end_of_record
TN:
SF:D:\Project\github\react-valine\src\input\button-components\preview\PreviewComponentShow.js
FN:5,(anonymous_0)
FNF:1
FNH:1
FNDA:8,(anonymous_0)
DA:6,8
DA:7,8
LF:2
LH:2
BRDA:8,0,0,6
BRDA:8,0,1,2
BRF:2
BRH:2
end_of_record
TN:
SF:D:\Project\github\react-valine\src\input\edit-components\EditAreaComponent.js
FN:10,(anonymous_0)
FNF:1
FNH:1
FNDA:9,(anonymous_0)
DA:24,9
DA:26,9
DA:27,9
LF:3
LH:3
BRF:0
BRH:0
end_of_record
TN:
SF:D:\Project\github\react-valine\src\input\edit-components\TextAreaComponent.js
FN:3,(anonymous_0)
FNF:1
FNH:1
FNDA:20,(anonymous_0)
DA:9,20
DA:10,20
LF:2
LH:2
BRF:0
BRH:0
end_of_record
TN:
SF:D:\Project\github\react-valine\src\input\edit-components\avatar\AvatarComponent.js
FN:10,(anonymous_0)
FN:38,(anonymous_1)
FNF:2
FNH:2
FNDA:5,(anonymous_0)
FNDA:7,(anonymous_1)
DA:3,4
DA:4,4
DA:5,4
DA:22,5
DA:24,5
DA:39,7
LF:6
LH:6
BRDA:27,0,0,0
BRDA:27,0,1,5
BRDA:34,1,0,1
BRDA:34,1,1,4
BRF:4
BRH:3
end_of_record
TN:
SF:D:\Project\github\react-valine\src\input\edit-components\avatar\AvatarContainer.js
FN:7,(anonymous_0)
FN:21,(anonymous_1)
FN:26,(anonymous_2)
FN:33,(anonymous_3)
FN:48,(anonymous_4)
FN:51,(anonymous_5)
FN:55,(anonymous_6)
FN:59,(anonymous_7)
FN:69,(anonymous_8)
FN:72,(anonymous_9)
FN:77,(anonymous_10)
FNF:11
FNH:4
FNDA:4,(anonymous_0)
FNDA:0,(anonymous_1)
FNDA:0,(anonymous_2)
FNDA:1,(anonymous_3)
FNDA:0,(anonymous_4)
FNDA:0,(anonymous_5)
FNDA:0,(anonymous_6)
FNDA:0,(anonymous_7)
FNDA:4,(anonymous_8)
FNDA:0,(anonymous_9)
FNDA:7,(anonymous_10)
DA:8,4
DA:9,4
DA:14,4
DA:15,4
DA:16,4
DA:17,4
DA:18,4
DA:22,0
DA:27,0
DA:34,1
DA:35,1
DA:36,1
DA:37,1
DA:42,0
DA:49,0
DA:50,0
DA:52,0
DA:60,0
DA:61,0
DA:62,0
DA:70,4
DA:73,0
DA:78,7
DA:79,7
DA:80,7
LF:25
LH:15
BRDA:36,0,0,1
BRDA:36,0,1,0
BRDA:60,1,0,0
BRDA:60,1,1,0
BRDA:61,2,0,0
BRDA:61,2,1,0
BRDA:61,3,0,0
BRDA:61,3,1,0
BRDA:61,3,2,0
BRF:9
BRH:1
end_of_record
TN:
SF:D:\Project\github\react-valine\src\input\edit-components\link\LinkComponent.js
FN:6,(anonymous_0)
FNF:1
FNH:1
FNDA:6,(anonymous_0)
DA:7,6
DA:8,6
LF:2
LH:2
BRF:0
BRH:0
end_of_record
TN:
SF:D:\Project\github\react-valine\src\input\edit-components\mail\MailComponent.js
FN:6,(anonymous_0)
FNF:1
FNH:1
FNDA:6,(anonymous_0)
DA:7,6
DA:8,6
LF:2
LH:2
BRDA:8,0,0,5
BRDA:8,0,1,1
BRF:2
BRH:2
end_of_record
TN:
SF:D:\Project\github\react-valine\src\input\edit-components\nick\NickNameComponent.js
FN:6,(anonymous_0)
FNF:1
FNH:1
FNDA:5,(anonymous_0)
DA:7,5
DA:8,5
LF:2
LH:2
BRDA:8,0,0,4
BRDA:8,0,1,1
BRF:2
BRH:2
end_of_record
TN:
SF:D:\Project\github\react-valine\src\list\CommentCardContainer.js
FN:10,(anonymous_0)
FN:18,(anonymous_1)
FN:19,(anonymous_2)
FN:25,(anonymous_3)
FN:56,(anonymous_4)
FNF:5
FNH:5
FNDA:12,(anonymous_0)
FNDA:2,(anonymous_1)
FNDA:2,(anonymous_2)
FNDA:14,(anonymous_3)
FNDA:1,(anonymous_4)
DA:11,12
DA:12,12
DA:15,12
DA:19,2
DA:26,14
DA:41,14
DA:43,14
DA:57,1
DA:58,1
DA:59,1
DA:60,1
DA:61,1
DA:62,1
DA:63,1
DA:65,1
LF:15
LH:15
BRDA:51,0,0,5
BRDA:51,0,1,9
BRDA:51,1,0,14
BRDA:51,1,1,14
BRDA:52,2,0,1
BRDA:52,2,1,4
BRDA:63,3,0,1
BRDA:63,3,1,0
BRF:8
BRH:7
end_of_record
TN:
SF:D:\Project\github\react-valine\src\list\CommentListComponent.js
FN:10,(anonymous_0)
FN:41,(anonymous_1)
FNF:2
FNH:2
FNDA:9,(anonymous_0)
FNDA:11,(anonymous_1)
DA:24,9
DA:26,9
DA:42,11
DA:43,11
DA:44,11
DA:45,11
DA:46,11
DA:47,11
DA:48,11
DA:49,11
DA:51,11
LF:11
LH:11
BRDA:29,0,0,0
BRDA:29,0,1,9
BRDA:34,1,0,3
BRDA:34,1,1,6
BRDA:39,2,0,4
BRDA:39,2,1,2
BRDA:49,3,0,11
BRDA:49,3,1,0
BRDA:75,4,0,0
BRDA:75,4,1,6
BRF:10
BRH:7
end_of_record
TN:
SF:D:\Project\github\react-valine\src\list\CreatedTimeComponent.js
FN:7,(anonymous_0)
FNF:1
FNH:1
FNDA:12,(anonymous_0)
DA:8,12
DA:9,12
LF:2
LH:2
BRF:0
BRH:0
end_of_record
TN:
SF:D:\Project\github\react-valine\src\list\PageComponent.js
FN:5,(anonymous_0)
FNF:1
FNH:1
FNDA:6,(anonymous_0)
DA:6,6
DA:7,6
LF:2
LH:2
BRDA:10,0,0,1
BRDA:10,0,1,5
BRF:2
BRH:2
end_of_record
TN:
SF:D:\Project\github\react-valine\src\list\card\CardAvatar.js
FN:5,(anonymous_0)
FNF:1
FNH:1
FNDA:12,(anonymous_0)
DA:9,12
DA:10,12
LF:2
LH:2
BRDA:11,0,0,12
BRDA:11,0,1,0
BRF:2
BRH:1
end_of_record
TN:
SF:D:\Project\github\react-valine\src\list\card\CardContent.js
FN:6,(anonymous_0)
FNF:1
FNH:1
FNDA:12,(anonymous_0)
DA:7,12
DA:8,12
LF:2
LH:2
BRF:0
BRH:0
end_of_record
TN:
SF:D:\Project\github\react-valine\src\list\card\CardHead.js
FN:8,(anonymous_0)
FNF:1
FNH:1
FNDA:12,(anonymous_0)
DA:12,12
DA:13,12
LF:2
LH:2
BRDA:16,0,0,0
BRDA:16,0,1,12
BRF:2
BRH:1
end_of_record
TN:
SF:D:\Project\github\react-valine\src\list\card\CardMeta.js
FN:8,(anonymous_0)
FNF:1
FNH:1
FNDA:12,(anonymous_0)
DA:17,12
DA:18,12
LF:2
LH:2
BRF:0
BRH:0
end_of_record
TN:
SF:D:\Project\github\react-valine\src\utils\Loading.js
FN:5,(anonymous_0)
FNF:1
FNH:1
FNDA:3,(anonymous_0)
DA:6,3
LF:1
LH:1
BRF:0
BRH:0
end_of_record
TN:
SF:D:\Project\github\react-valine\src\utils\escape.js
FN:16,escape
FN:18,(anonymous_1)
FNF:2
FNH:1
FNDA:2,escape
FNDA:0,(anonymous_1)
DA:2,5
DA:12,5
DA:13,5
DA:17,2
DA:18,0
LF:5
LH:4
BRDA:17,0,0,0
BRDA:17,0,1,2
BRDA:17,1,0,2
BRDA:17,1,1,2
BRF:4
BRH:3
end_of_record
TN:
SF:D:\Project\github\react-valine\src\utils\index.js
FNF:0
FNH:0
LF:0
LH:0
BRF:0
BRH:0
end_of_record
TN:
SF:D:\Project\github\react-valine\src\utils\insertAtCaret.js
FN:2,calcValueAndPos
FN:12,resolveTAB
FN:40,getEmojiPrefix
FNF:3
FNH:3
FNDA:2,calcValueAndPos
FNDA:3,resolveTAB
FNDA:43,getEmojiPrefix
DA:3,2
DA:4,2
DA:5,2
DA:6,2
DA:7,2
DA:8,2
DA:9,2
DA:13,3
DA:14,3
DA:15,3
DA:16,3
DA:17,3
DA:18,3
DA:21,3
DA:22,3
DA:23,3
DA:24,11
DA:25,11
DA:27,3
DA:28,3
DA:29,14
DA:30,14
DA:31,11
DA:32,14
DA:33,14
DA:35,3
DA:36,3
DA:37,3
DA:41,43
DA:42,43
DA:43,43
DA:44,41
DA:45,7
DA:47,34
LF:34
LH:34
BRDA:2,0,0,0
BRDA:12,1,0,0
BRDA:30,2,0,3
BRDA:30,2,1,11
BRDA:40,3,0,43
BRDA:43,4,0,2
BRDA:43,4,1,41
BRDA:44,5,0,7
BRDA:44,5,1,34
BRDA:44,6,0,41
BRDA:44,6,1,39
BRDA:44,6,2,36
BRF:12
BRH:10
end_of_record
TN:
SF:D:\Project\github\react-valine\src\utils\nestComment.js
FN:2,dfsClone
FN:26,createNestComments
FN:27,(anonymous_2)
FN:37,convert2SimplyList
FN:45,simplyObj
FNF:5
FNH:4
FNDA:14,dfsClone
FNDA:5,createNestComments
FNDA:3,(anonymous_2)
FNDA:0,convert2SimplyList
FNDA:17,simplyObj
DA:3,14
DA:4,14
DA:5,14
DA:6,71
DA:7,14
DA:8,14
DA:9,9
DA:10,9
DA:11,9
DA:13,5
DA:14,5
DA:15,5
DA:17,14
DA:19,57
DA:22,14
DA:23,14
DA:27,5
DA:28,3
DA:30,3
DA:31,9
DA:33,3
DA:38,0
DA:39,0
DA:40,0
DA:42,0
DA:46,17
DA:47,17
DA:50,5
LF:28
LH:24
BRDA:6,0,0,14
BRDA:6,0,1,57
BRDA:6,1,0,71
BRDA:6,1,1,32
BRDA:8,2,0,9
BRDA:8,2,1,5
BRDA:8,3,0,14
BRDA:8,3,1,14
BRDA:15,4,0,5
BRDA:15,4,1,5
BRDA:22,5,0,0
BRDA:22,5,1,14
BRDA:27,6,0,1
BRF:13
BRH:12
end_of_record
TN:
SF:D:\Project\github\react-valine\src\utils\replace.js
FN:4,replaceAt
FN:11,replaceExistEmoji
FN:13,(anonymous_2)
FN:26,replaceExistEmoji2
FNF:4
FNH:2
FNDA:7,replaceAt
FNDA:0,replaceExistEmoji
FNDA:0,(anonymous_2)
FNDA:6,replaceExistEmoji2
DA:5,7
DA:6,7
DA:7,2
DA:8,2
DA:12,0
DA:13,0
DA:14,0
DA:15,0
DA:16,0
DA:18,0
DA:20,0
DA:27,6
DA:28,6
DA:29,6
DA:30,199
DA:31,199
DA:32,27
DA:33,15
DA:34,15
DA:35,15
DA:36,15
DA:37,15
DA:39,27
DA:40,172
DA:41,15
DA:42,15
DA:44,157
DA:47,6
LF:28
LH:21
BRDA:4,0,0,7
BRDA:6,1,0,5
BRDA:6,1,1,2
BRDA:11,2,0,0
BRDA:14,3,0,0
BRDA:14,3,1,0
BRDA:18,4,0,0
BRDA:18,4,1,0
BRDA:26,5,0,4
BRDA:31,6,0,27
BRDA:31,6,1,172
BRDA:31,7,0,199
BRDA:31,7,1,42
BRDA:32,8,0,15
BRDA:32,8,1,12
BRDA:40,9,0,15
BRDA:40,9,1,157
BRDA:40,10,0,172
BRDA:40,10,1,15
BRDA:44,11,0,68
BRDA:44,11,1,89
BRF:21
BRH:16
end_of_record
TN:
SF:D:\Project\github\react-valine\src\utils\textarea-creat.js
FN:8,(anonymous_0)
FN:59,getCaretCoordinates
FN:90,(anonymous_2)
FNF:3
FNH:1
FNDA:5,(anonymous_0)
FNDA:0,getCaretCoordinates
FNDA:0,(anonymous_2)
DA:8,5
DA:14,5
DA:56,5
DA:57,5
DA:60,0
DA:61,0
DA:64,0
DA:65,0
DA:66,0
DA:67,0
DA:71,0
DA:72,0
DA:73,0
DA:75,0
DA:76,0
DA:77,0
DA:80,0
DA:81,0
DA:82,0
DA:85,0
DA:86,0
DA:87,0
DA:90,0
DA:91,0
DA:93,0
DA:95,0
DA:102,0
DA:104,0
DA:105,0
DA:111,0
DA:114,0
DA:115,0
DA:117,0
DA:123,0
DA:124,0
DA:131,0
DA:137,0
DA:138,0
DA:140,0
DA:143,0
DA:146,5
DA:147,5
DA:148,0
DA:149,0
LF:44
LH:6
BRDA:57,0,0,5
BRDA:57,0,1,5
BRDA:60,1,0,0
BRDA:60,1,1,0
BRDA:64,2,0,0
BRDA:64,2,1,0
BRDA:64,2,2,0
BRDA:65,3,0,0
BRDA:65,3,1,0
BRDA:67,4,0,0
BRDA:67,4,1,0
BRDA:76,5,0,0
BRDA:76,5,1,0
BRDA:81,6,0,0
BRDA:81,6,1,0
BRDA:86,7,0,0
BRDA:86,7,1,0
BRDA:91,8,0,0
BRDA:91,8,1,0
BRDA:91,9,0,0
BRDA:91,9,1,0
BRDA:102,10,0,0
BRDA:102,10,1,0
BRDA:104,11,0,0
BRDA:104,11,1,0
BRDA:114,12,0,0
BRDA:114,12,1,0
BRDA:123,13,0,0
BRDA:123,13,1,0
BRDA:137,14,0,0
BRDA:137,14,1,0
BRDA:146,15,0,5
BRDA:146,15,1,0
BRDA:146,16,0,5
BRDA:146,16,1,5
BRDA:148,17,0,0
BRDA:148,17,1,0
BRF:37
BRH:5
end_of_record
TN:
SF:D:\Project\github\react-valine\src\utils\timeAgo.js
FN:1,timeAgo
FN:34,dateFormat
FN:35,padWithZeros
FNF:3
FNH:1
FNDA:12,timeAgo
FNDA:0,dateFormat
FNDA:0,padWithZeros
DA:2,12
DA:3,12
DA:4,12
DA:5,12
DA:6,12
DA:7,12
DA:9,0
DA:10,0
DA:11,0
DA:13,0
DA:14,0
DA:15,0
DA:17,0
DA:18,0
DA:19,0
DA:21,0
DA:23,0
DA:25,12
DA:26,12
DA:27,0
DA:28,0
DA:30,0
DA:36,0
DA:37,0
DA:38,0
DA:40,0
DA:42,0
DA:43,0
DA:44,0
DA:45,0
LF:30
LH:8
BRDA:7,0,0,0
BRDA:7,0,1,12
BRDA:11,1,0,0
BRDA:11,1,1,0
BRDA:15,2,0,0
BRDA:15,2,1,0
BRDA:25,3,0,0
BRDA:25,3,1,12
BRDA:26,4,0,12
BRDA:26,4,1,0
BRDA:27,5,0,0
BRDA:27,5,1,0
BRF:12
BRH:3
end_of_record
TN:
SF:D:\Project\github\react-valine\src\utils\verify.js
FN:1,emailVerify
FN:4,linkVerify
FN:8,contentAtVerify
FNF:3
FNH:2
FNDA:3,emailVerify
FNDA:2,linkVerify
FNDA:0,contentAtVerify
DA:2,3
DA:5,2
DA:9,0
DA:10,0
DA:11,0
LF:5
LH:2
BRDA:10,0,0,0
BRDA:10,0,1,0
BRF:2
BRH:0
end_of_record
TN:
SF:D:\Project\github\react-valine\src\utils\xssFilter.js
FN:5,(anonymous_0)
FN:11,(anonymous_1)
FN:15,(anonymous_2)
FN:33,attr
FN:53,clearAttr
FN:61,(anonymous_5)
FNF:6
FNH:5
FNDA:19,(anonymous_0)
FNDA:3,(anonymous_1)
FNDA:22,(anonymous_2)
FNDA:6,attr
FNDA:22,clearAttr
FNDA:0,(anonymous_5)
DA:5,5
DA:6,19
DA:7,19
DA:8,19
DA:10,19
DA:11,19
DA:12,3
DA:13,3
DA:15,19
DA:16,22
DA:17,22
DA:18,0
DA:19,0
DA:21,0
DA:24,22
DA:25,3
DA:27,22
DA:29,19
DA:30,19
DA:31,19
DA:34,6
DA:35,0
DA:37,6
DA:38,3
DA:40,3
DA:43,3
DA:44,0
DA:45,0
DA:48,3
DA:54,22
DA:55,22
DA:56,22
DA:57,6
DA:58,6
DA:60,0
DA:61,0
DA:62,0
DA:63,0
DA:64,0
DA:66,0
DA:69,0
DA:71,3
DA:72,3
DA:74,3
DA:77,6
DA:80,22
LF:46
LH:33
BRDA:13,0,0,3
BRDA:13,0,1,0
BRDA:16,1,0,0
BRDA:16,1,1,22
BRDA:17,2,0,0
BRDA:17,2,1,22
BRDA:18,3,0,0
BRDA:18,3,1,0
BRDA:18,4,0,0
BRDA:18,4,1,0
BRDA:24,5,0,3
BRDA:24,5,1,19
BRDA:34,6,0,0
BRDA:34,6,1,6
BRDA:37,7,0,3
BRDA:37,7,1,3
BRDA:38,8,0,0
BRDA:38,8,1,3
BRDA:43,9,0,0
BRDA:43,9,1,3
BRDA:58,10,0,0
BRDA:58,10,1,3
BRDA:58,10,2,3
BRDA:62,11,0,0
BRDA:62,11,1,0
BRDA:71,12,0,0
BRDA:71,12,1,3
BRDA:77,13,0,0
BRDA:77,13,1,6
BRF:29
BRH:14
end_of_record
TN:
SF:D:\Project\github\react-valine\src\utils\xssMarkdown.js
FN:14,createMarked
FN:16,(anonymous_1)
FN:28,(anonymous_2)
FN:36,modify_hljs
FN:46,xssMarkdown
FNF:5
FNH:3
FNDA:5,createMarked
FNDA:0,(anonymous_1)
FNDA:19,(anonymous_2)
FNDA:0,modify_hljs
FNDA:19,xssMarkdown
DA:4,5
DA:6,5
DA:7,5
DA:8,5
DA:10,5
DA:11,5
DA:15,5
DA:17,0
DA:18,0
DA:19,0
DA:25,0
DA:28,5
DA:29,19
DA:32,5
DA:37,0
DA:38,0
DA:39,0
DA:40,0
DA:41,0
DA:43,0
DA:47,19
LF:21
LH:11
BRDA:17,0,0,0
BRDA:17,0,1,0
BRDA:17,1,0,0
BRDA:17,1,1,0
BRDA:39,2,0,0
BRDA:39,2,1,0
BRF:6
BRH:0
end_of_record
TN:
SF:D:\Project\github\react-valine\src\utils\emojiTire\emojiTire.js
FN:10,emojiSearch
FNF:1
FNH:0
FNDA:0,emojiSearch
DA:3,5
DA:4,5
DA:5,890
DA:6,890
DA:11,0
DA:12,0
DA:13,0
DA:14,0
DA:15,0
DA:18,0
LF:10
LH:4
BRDA:5,0,0,890
BRDA:5,0,1,0
BRDA:13,1,0,0
BRDA:13,1,1,0
BRDA:15,2,0,0
BRDA:15,2,1,0
BRF:6
BRH:1
end_of_record
TN:
SF:D:\Project\github\react-valine\src\utils\emojiTire\index.js
FN:5,getWordList
FNF:1
FNH:1
FNDA:1,getWordList
DA:6,1
DA:7,0
LF:2
LH:1
BRDA:5,0,0,1
BRDA:6,1,0,1
BRDA:6,1,1,0
BRF:3
BRH:2
end_of_record
